Copyright 1986-2019 Xilinx, Inc. All Rights Reserved.
-----------------------------------------------------------------------------------------------------------------------------------------------------------------------------------------------
| Tool Version : Vivado v.2019.1 (win64) Build 2552052 Fri May 24 14:49:42 MDT 2019
| Date         : Sun Jan 30 18:44:05 2022
| Host         : DESKTOP-OADHOB6 running 64-bit major release  (build 9200)
| Command      : report_methodology -file cronometro_on_board_methodology_drc_routed.rpt -pb cronometro_on_board_methodology_drc_routed.pb -rpx cronometro_on_board_methodology_drc_routed.rpx
| Design       : cronometro_on_board
| Device       : xc7a100tcsg324-1
| Speed File   : -1
| Design State : Fully Routed
-----------------------------------------------------------------------------------------------------------------------------------------------------------------------------------------------

Report Methodology

Table of Contents
-----------------
1. REPORT SUMMARY
2. REPORT DETAILS

1. REPORT SUMMARY
-----------------
            Netlist: netlist
          Floorplan: design_1
      Design limits: <entire design considered>
             Max violations: <unlimited>
             Violations found: 212
+-----------+------------------+-------------------------------+------------+
| Rule      | Severity         | Description                   | Violations |
+-----------+------------------+-------------------------------+------------+
| TIMING-17 | Critical Warning | Non-clocked sequential cell   | 118        |
| LUTAR-1   | Warning          | LUT drives async reset alert  | 38         |
| TIMING-18 | Warning          | Missing input or output delay | 22         |
| TIMING-20 | Warning          | Non-clocked latch             | 34         |
+-----------+------------------+-------------------------------+------------+

2. REPORT DETAILS
-----------------
TIMING-17#1 Critical Warning
Non-clocked sequential cell  
The clock pin crono/contatore_minuti/EN_reg/C is not reached by a timing clock
Related violations: <none>

TIMING-17#2 Critical Warning
Non-clocked sequential cell  
The clock pin crono/contatore_minuti/count_reg[0]_C/C is not reached by a timing clock
Related violations: <none>

TIMING-17#3 Critical Warning
Non-clocked sequential cell  
The clock pin crono/contatore_minuti/count_reg[0]_P/C is not reached by a timing clock
Related violations: <none>

TIMING-17#4 Critical Warning
Non-clocked sequential cell  
The clock pin crono/contatore_minuti/count_reg[10]/C is not reached by a timing clock
Related violations: <none>

TIMING-17#5 Critical Warning
Non-clocked sequential cell  
The clock pin crono/contatore_minuti/count_reg[11]/C is not reached by a timing clock
Related violations: <none>

TIMING-17#6 Critical Warning
Non-clocked sequential cell  
The clock pin crono/contatore_minuti/count_reg[12]/C is not reached by a timing clock
Related violations: <none>

TIMING-17#7 Critical Warning
Non-clocked sequential cell  
The clock pin crono/contatore_minuti/count_reg[13]/C is not reached by a timing clock
Related violations: <none>

TIMING-17#8 Critical Warning
Non-clocked sequential cell  
The clock pin crono/contatore_minuti/count_reg[14]/C is not reached by a timing clock
Related violations: <none>

TIMING-17#9 Critical Warning
Non-clocked sequential cell  
The clock pin crono/contatore_minuti/count_reg[15]/C is not reached by a timing clock
Related violations: <none>

TIMING-17#10 Critical Warning
Non-clocked sequential cell  
The clock pin crono/contatore_minuti/count_reg[16]/C is not reached by a timing clock
Related violations: <none>

TIMING-17#11 Critical Warning
Non-clocked sequential cell  
The clock pin crono/contatore_minuti/count_reg[17]/C is not reached by a timing clock
Related violations: <none>

TIMING-17#12 Critical Warning
Non-clocked sequential cell  
The clock pin crono/contatore_minuti/count_reg[18]/C is not reached by a timing clock
Related violations: <none>

TIMING-17#13 Critical Warning
Non-clocked sequential cell  
The clock pin crono/contatore_minuti/count_reg[19]/C is not reached by a timing clock
Related violations: <none>

TIMING-17#14 Critical Warning
Non-clocked sequential cell  
The clock pin crono/contatore_minuti/count_reg[1]_C/C is not reached by a timing clock
Related violations: <none>

TIMING-17#15 Critical Warning
Non-clocked sequential cell  
The clock pin crono/contatore_minuti/count_reg[1]_P/C is not reached by a timing clock
Related violations: <none>

TIMING-17#16 Critical Warning
Non-clocked sequential cell  
The clock pin crono/contatore_minuti/count_reg[20]/C is not reached by a timing clock
Related violations: <none>

TIMING-17#17 Critical Warning
Non-clocked sequential cell  
The clock pin crono/contatore_minuti/count_reg[21]/C is not reached by a timing clock
Related violations: <none>

TIMING-17#18 Critical Warning
Non-clocked sequential cell  
The clock pin crono/contatore_minuti/count_reg[22]/C is not reached by a timing clock
Related violations: <none>

TIMING-17#19 Critical Warning
Non-clocked sequential cell  
The clock pin crono/contatore_minuti/count_reg[23]/C is not reached by a timing clock
Related violations: <none>

TIMING-17#20 Critical Warning
Non-clocked sequential cell  
The clock pin crono/contatore_minuti/count_reg[24]/C is not reached by a timing clock
Related violations: <none>

TIMING-17#21 Critical Warning
Non-clocked sequential cell  
The clock pin crono/contatore_minuti/count_reg[25]/C is not reached by a timing clock
Related violations: <none>

TIMING-17#22 Critical Warning
Non-clocked sequential cell  
The clock pin crono/contatore_minuti/count_reg[26]/C is not reached by a timing clock
Related violations: <none>

TIMING-17#23 Critical Warning
Non-clocked sequential cell  
The clock pin crono/contatore_minuti/count_reg[27]/C is not reached by a timing clock
Related violations: <none>

TIMING-17#24 Critical Warning
Non-clocked sequential cell  
The clock pin crono/contatore_minuti/count_reg[28]/C is not reached by a timing clock
Related violations: <none>

TIMING-17#25 Critical Warning
Non-clocked sequential cell  
The clock pin crono/contatore_minuti/count_reg[29]/C is not reached by a timing clock
Related violations: <none>

TIMING-17#26 Critical Warning
Non-clocked sequential cell  
The clock pin crono/contatore_minuti/count_reg[2]_C/C is not reached by a timing clock
Related violations: <none>

TIMING-17#27 Critical Warning
Non-clocked sequential cell  
The clock pin crono/contatore_minuti/count_reg[2]_P/C is not reached by a timing clock
Related violations: <none>

TIMING-17#28 Critical Warning
Non-clocked sequential cell  
The clock pin crono/contatore_minuti/count_reg[30]/C is not reached by a timing clock
Related violations: <none>

TIMING-17#29 Critical Warning
Non-clocked sequential cell  
The clock pin crono/contatore_minuti/count_reg[31]/C is not reached by a timing clock
Related violations: <none>

TIMING-17#30 Critical Warning
Non-clocked sequential cell  
The clock pin crono/contatore_minuti/count_reg[3]_C/C is not reached by a timing clock
Related violations: <none>

TIMING-17#31 Critical Warning
Non-clocked sequential cell  
The clock pin crono/contatore_minuti/count_reg[3]_P/C is not reached by a timing clock
Related violations: <none>

TIMING-17#32 Critical Warning
Non-clocked sequential cell  
The clock pin crono/contatore_minuti/count_reg[4]_C/C is not reached by a timing clock
Related violations: <none>

TIMING-17#33 Critical Warning
Non-clocked sequential cell  
The clock pin crono/contatore_minuti/count_reg[4]_P/C is not reached by a timing clock
Related violations: <none>

TIMING-17#34 Critical Warning
Non-clocked sequential cell  
The clock pin crono/contatore_minuti/count_reg[5]_C/C is not reached by a timing clock
Related violations: <none>

TIMING-17#35 Critical Warning
Non-clocked sequential cell  
The clock pin crono/contatore_minuti/count_reg[5]_P/C is not reached by a timing clock
Related violations: <none>

TIMING-17#36 Critical Warning
Non-clocked sequential cell  
The clock pin crono/contatore_minuti/count_reg[6]/C is not reached by a timing clock
Related violations: <none>

TIMING-17#37 Critical Warning
Non-clocked sequential cell  
The clock pin crono/contatore_minuti/count_reg[7]/C is not reached by a timing clock
Related violations: <none>

TIMING-17#38 Critical Warning
Non-clocked sequential cell  
The clock pin crono/contatore_minuti/count_reg[8]/C is not reached by a timing clock
Related violations: <none>

TIMING-17#39 Critical Warning
Non-clocked sequential cell  
The clock pin crono/contatore_minuti/count_reg[9]/C is not reached by a timing clock
Related violations: <none>

TIMING-17#40 Critical Warning
Non-clocked sequential cell  
The clock pin crono/contatore_ore/count_reg[0]_C/C is not reached by a timing clock
Related violations: <none>

TIMING-17#41 Critical Warning
Non-clocked sequential cell  
The clock pin crono/contatore_ore/count_reg[0]_P/C is not reached by a timing clock
Related violations: <none>

TIMING-17#42 Critical Warning
Non-clocked sequential cell  
The clock pin crono/contatore_ore/count_reg[10]/C is not reached by a timing clock
Related violations: <none>

TIMING-17#43 Critical Warning
Non-clocked sequential cell  
The clock pin crono/contatore_ore/count_reg[11]/C is not reached by a timing clock
Related violations: <none>

TIMING-17#44 Critical Warning
Non-clocked sequential cell  
The clock pin crono/contatore_ore/count_reg[12]/C is not reached by a timing clock
Related violations: <none>

TIMING-17#45 Critical Warning
Non-clocked sequential cell  
The clock pin crono/contatore_ore/count_reg[13]/C is not reached by a timing clock
Related violations: <none>

TIMING-17#46 Critical Warning
Non-clocked sequential cell  
The clock pin crono/contatore_ore/count_reg[14]/C is not reached by a timing clock
Related violations: <none>

TIMING-17#47 Critical Warning
Non-clocked sequential cell  
The clock pin crono/contatore_ore/count_reg[15]/C is not reached by a timing clock
Related violations: <none>

TIMING-17#48 Critical Warning
Non-clocked sequential cell  
The clock pin crono/contatore_ore/count_reg[16]/C is not reached by a timing clock
Related violations: <none>

TIMING-17#49 Critical Warning
Non-clocked sequential cell  
The clock pin crono/contatore_ore/count_reg[17]/C is not reached by a timing clock
Related violations: <none>

TIMING-17#50 Critical Warning
Non-clocked sequential cell  
The clock pin crono/contatore_ore/count_reg[18]/C is not reached by a timing clock
Related violations: <none>

TIMING-17#51 Critical Warning
Non-clocked sequential cell  
The clock pin crono/contatore_ore/count_reg[19]/C is not reached by a timing clock
Related violations: <none>

TIMING-17#52 Critical Warning
Non-clocked sequential cell  
The clock pin crono/contatore_ore/count_reg[1]_C/C is not reached by a timing clock
Related violations: <none>

TIMING-17#53 Critical Warning
Non-clocked sequential cell  
The clock pin crono/contatore_ore/count_reg[1]_P/C is not reached by a timing clock
Related violations: <none>

TIMING-17#54 Critical Warning
Non-clocked sequential cell  
The clock pin crono/contatore_ore/count_reg[20]/C is not reached by a timing clock
Related violations: <none>

TIMING-17#55 Critical Warning
Non-clocked sequential cell  
The clock pin crono/contatore_ore/count_reg[21]/C is not reached by a timing clock
Related violations: <none>

TIMING-17#56 Critical Warning
Non-clocked sequential cell  
The clock pin crono/contatore_ore/count_reg[22]/C is not reached by a timing clock
Related violations: <none>

TIMING-17#57 Critical Warning
Non-clocked sequential cell  
The clock pin crono/contatore_ore/count_reg[23]/C is not reached by a timing clock
Related violations: <none>

TIMING-17#58 Critical Warning
Non-clocked sequential cell  
The clock pin crono/contatore_ore/count_reg[24]/C is not reached by a timing clock
Related violations: <none>

TIMING-17#59 Critical Warning
Non-clocked sequential cell  
The clock pin crono/contatore_ore/count_reg[25]/C is not reached by a timing clock
Related violations: <none>

TIMING-17#60 Critical Warning
Non-clocked sequential cell  
The clock pin crono/contatore_ore/count_reg[26]/C is not reached by a timing clock
Related violations: <none>

TIMING-17#61 Critical Warning
Non-clocked sequential cell  
The clock pin crono/contatore_ore/count_reg[27]/C is not reached by a timing clock
Related violations: <none>

TIMING-17#62 Critical Warning
Non-clocked sequential cell  
The clock pin crono/contatore_ore/count_reg[28]/C is not reached by a timing clock
Related violations: <none>

TIMING-17#63 Critical Warning
Non-clocked sequential cell  
The clock pin crono/contatore_ore/count_reg[29]/C is not reached by a timing clock
Related violations: <none>

TIMING-17#64 Critical Warning
Non-clocked sequential cell  
The clock pin crono/contatore_ore/count_reg[2]_C/C is not reached by a timing clock
Related violations: <none>

TIMING-17#65 Critical Warning
Non-clocked sequential cell  
The clock pin crono/contatore_ore/count_reg[2]_P/C is not reached by a timing clock
Related violations: <none>

TIMING-17#66 Critical Warning
Non-clocked sequential cell  
The clock pin crono/contatore_ore/count_reg[30]/C is not reached by a timing clock
Related violations: <none>

TIMING-17#67 Critical Warning
Non-clocked sequential cell  
The clock pin crono/contatore_ore/count_reg[31]/C is not reached by a timing clock
Related violations: <none>

TIMING-17#68 Critical Warning
Non-clocked sequential cell  
The clock pin crono/contatore_ore/count_reg[31]_rep/C is not reached by a timing clock
Related violations: <none>

TIMING-17#69 Critical Warning
Non-clocked sequential cell  
The clock pin crono/contatore_ore/count_reg[31]_rep__0/C is not reached by a timing clock
Related violations: <none>

TIMING-17#70 Critical Warning
Non-clocked sequential cell  
The clock pin crono/contatore_ore/count_reg[31]_rep__1/C is not reached by a timing clock
Related violations: <none>

TIMING-17#71 Critical Warning
Non-clocked sequential cell  
The clock pin crono/contatore_ore/count_reg[3]_C/C is not reached by a timing clock
Related violations: <none>

TIMING-17#72 Critical Warning
Non-clocked sequential cell  
The clock pin crono/contatore_ore/count_reg[3]_P/C is not reached by a timing clock
Related violations: <none>

TIMING-17#73 Critical Warning
Non-clocked sequential cell  
The clock pin crono/contatore_ore/count_reg[4]_C/C is not reached by a timing clock
Related violations: <none>

TIMING-17#74 Critical Warning
Non-clocked sequential cell  
The clock pin crono/contatore_ore/count_reg[4]_P/C is not reached by a timing clock
Related violations: <none>

TIMING-17#75 Critical Warning
Non-clocked sequential cell  
The clock pin crono/contatore_ore/count_reg[5]/C is not reached by a timing clock
Related violations: <none>

TIMING-17#76 Critical Warning
Non-clocked sequential cell  
The clock pin crono/contatore_ore/count_reg[6]/C is not reached by a timing clock
Related violations: <none>

TIMING-17#77 Critical Warning
Non-clocked sequential cell  
The clock pin crono/contatore_ore/count_reg[7]/C is not reached by a timing clock
Related violations: <none>

TIMING-17#78 Critical Warning
Non-clocked sequential cell  
The clock pin crono/contatore_ore/count_reg[8]/C is not reached by a timing clock
Related violations: <none>

TIMING-17#79 Critical Warning
Non-clocked sequential cell  
The clock pin crono/contatore_ore/count_reg[9]/C is not reached by a timing clock
Related violations: <none>

TIMING-17#80 Critical Warning
Non-clocked sequential cell  
The clock pin crono/contatore_secondi/EN_reg/C is not reached by a timing clock
Related violations: <none>

TIMING-17#81 Critical Warning
Non-clocked sequential cell  
The clock pin crono/contatore_secondi/count_reg[0]_C/C is not reached by a timing clock
Related violations: <none>

TIMING-17#82 Critical Warning
Non-clocked sequential cell  
The clock pin crono/contatore_secondi/count_reg[0]_P/C is not reached by a timing clock
Related violations: <none>

TIMING-17#83 Critical Warning
Non-clocked sequential cell  
The clock pin crono/contatore_secondi/count_reg[10]/C is not reached by a timing clock
Related violations: <none>

TIMING-17#84 Critical Warning
Non-clocked sequential cell  
The clock pin crono/contatore_secondi/count_reg[11]/C is not reached by a timing clock
Related violations: <none>

TIMING-17#85 Critical Warning
Non-clocked sequential cell  
The clock pin crono/contatore_secondi/count_reg[12]/C is not reached by a timing clock
Related violations: <none>

TIMING-17#86 Critical Warning
Non-clocked sequential cell  
The clock pin crono/contatore_secondi/count_reg[13]/C is not reached by a timing clock
Related violations: <none>

TIMING-17#87 Critical Warning
Non-clocked sequential cell  
The clock pin crono/contatore_secondi/count_reg[14]/C is not reached by a timing clock
Related violations: <none>

TIMING-17#88 Critical Warning
Non-clocked sequential cell  
The clock pin crono/contatore_secondi/count_reg[15]/C is not reached by a timing clock
Related violations: <none>

TIMING-17#89 Critical Warning
Non-clocked sequential cell  
The clock pin crono/contatore_secondi/count_reg[16]/C is not reached by a timing clock
Related violations: <none>

TIMING-17#90 Critical Warning
Non-clocked sequential cell  
The clock pin crono/contatore_secondi/count_reg[17]/C is not reached by a timing clock
Related violations: <none>

TIMING-17#91 Critical Warning
Non-clocked sequential cell  
The clock pin crono/contatore_secondi/count_reg[18]/C is not reached by a timing clock
Related violations: <none>

TIMING-17#92 Critical Warning
Non-clocked sequential cell  
The clock pin crono/contatore_secondi/count_reg[19]/C is not reached by a timing clock
Related violations: <none>

TIMING-17#93 Critical Warning
Non-clocked sequential cell  
The clock pin crono/contatore_secondi/count_reg[1]_C/C is not reached by a timing clock
Related violations: <none>

TIMING-17#94 Critical Warning
Non-clocked sequential cell  
The clock pin crono/contatore_secondi/count_reg[1]_P/C is not reached by a timing clock
Related violations: <none>

TIMING-17#95 Critical Warning
Non-clocked sequential cell  
The clock pin crono/contatore_secondi/count_reg[20]/C is not reached by a timing clock
Related violations: <none>

TIMING-17#96 Critical Warning
Non-clocked sequential cell  
The clock pin crono/contatore_secondi/count_reg[21]/C is not reached by a timing clock
Related violations: <none>

TIMING-17#97 Critical Warning
Non-clocked sequential cell  
The clock pin crono/contatore_secondi/count_reg[22]/C is not reached by a timing clock
Related violations: <none>

TIMING-17#98 Critical Warning
Non-clocked sequential cell  
The clock pin crono/contatore_secondi/count_reg[23]/C is not reached by a timing clock
Related violations: <none>

TIMING-17#99 Critical Warning
Non-clocked sequential cell  
The clock pin crono/contatore_secondi/count_reg[24]/C is not reached by a timing clock
Related violations: <none>

TIMING-17#100 Critical Warning
Non-clocked sequential cell  
The clock pin crono/contatore_secondi/count_reg[25]/C is not reached by a timing clock
Related violations: <none>

TIMING-17#101 Critical Warning
Non-clocked sequential cell  
The clock pin crono/contatore_secondi/count_reg[26]/C is not reached by a timing clock
Related violations: <none>

TIMING-17#102 Critical Warning
Non-clocked sequential cell  
The clock pin crono/contatore_secondi/count_reg[27]/C is not reached by a timing clock
Related violations: <none>

TIMING-17#103 Critical Warning
Non-clocked sequential cell  
The clock pin crono/contatore_secondi/count_reg[28]/C is not reached by a timing clock
Related violations: <none>

TIMING-17#104 Critical Warning
Non-clocked sequential cell  
The clock pin crono/contatore_secondi/count_reg[29]/C is not reached by a timing clock
Related violations: <none>

TIMING-17#105 Critical Warning
Non-clocked sequential cell  
The clock pin crono/contatore_secondi/count_reg[2]_C/C is not reached by a timing clock
Related violations: <none>

TIMING-17#106 Critical Warning
Non-clocked sequential cell  
The clock pin crono/contatore_secondi/count_reg[2]_P/C is not reached by a timing clock
Related violations: <none>

TIMING-17#107 Critical Warning
Non-clocked sequential cell  
The clock pin crono/contatore_secondi/count_reg[30]/C is not reached by a timing clock
Related violations: <none>

TIMING-17#108 Critical Warning
Non-clocked sequential cell  
The clock pin crono/contatore_secondi/count_reg[31]/C is not reached by a timing clock
Related violations: <none>

TIMING-17#109 Critical Warning
Non-clocked sequential cell  
The clock pin crono/contatore_secondi/count_reg[3]_C/C is not reached by a timing clock
Related violations: <none>

TIMING-17#110 Critical Warning
Non-clocked sequential cell  
The clock pin crono/contatore_secondi/count_reg[3]_P/C is not reached by a timing clock
Related violations: <none>

TIMING-17#111 Critical Warning
Non-clocked sequential cell  
The clock pin crono/contatore_secondi/count_reg[4]_C/C is not reached by a timing clock
Related violations: <none>

TIMING-17#112 Critical Warning
Non-clocked sequential cell  
The clock pin crono/contatore_secondi/count_reg[4]_P/C is not reached by a timing clock
Related violations: <none>

TIMING-17#113 Critical Warning
Non-clocked sequential cell  
The clock pin crono/contatore_secondi/count_reg[5]_C/C is not reached by a timing clock
Related violations: <none>

TIMING-17#114 Critical Warning
Non-clocked sequential cell  
The clock pin crono/contatore_secondi/count_reg[5]_P/C is not reached by a timing clock
Related violations: <none>

TIMING-17#115 Critical Warning
Non-clocked sequential cell  
The clock pin crono/contatore_secondi/count_reg[6]/C is not reached by a timing clock
Related violations: <none>

TIMING-17#116 Critical Warning
Non-clocked sequential cell  
The clock pin crono/contatore_secondi/count_reg[7]/C is not reached by a timing clock
Related violations: <none>

TIMING-17#117 Critical Warning
Non-clocked sequential cell  
The clock pin crono/contatore_secondi/count_reg[8]/C is not reached by a timing clock
Related violations: <none>

TIMING-17#118 Critical Warning
Non-clocked sequential cell  
The clock pin crono/contatore_secondi/count_reg[9]/C is not reached by a timing clock
Related violations: <none>

LUTAR-1#1 Warning
LUT drives async reset alert  
LUT cell crono/contatore_ore/count_reg[0]_LDC_i_1__1, with 2 or more inputs, drives asynchronous preset/clear pin(s) crono/contatore_ore/count_reg[0]_P/PRE. The LUT may glitch and trigger an unexpected reset, even if it is a properly timed path.
Related violations: <none>

LUTAR-1#2 Warning
LUT drives async reset alert  
LUT cell crono/contatore_ore/count_reg[0]_LDC_i_2__1, with 2 or more inputs, drives asynchronous preset/clear pin(s) crono/contatore_ore/count_reg[0]_C/CLR, crono/contatore_ore/count_reg[0]_LDC/CLR. The LUT may glitch and trigger an unexpected reset, even if it is a properly timed path.
Related violations: <none>

LUTAR-1#3 Warning
LUT drives async reset alert  
LUT cell crono/contatore_ore/count_reg[1]_LDC_i_1__1, with 2 or more inputs, drives asynchronous preset/clear pin(s) crono/contatore_ore/count_reg[1]_P/PRE. The LUT may glitch and trigger an unexpected reset, even if it is a properly timed path.
Related violations: <none>

LUTAR-1#4 Warning
LUT drives async reset alert  
LUT cell crono/contatore_ore/count_reg[1]_LDC_i_2__1, with 2 or more inputs, drives asynchronous preset/clear pin(s) crono/contatore_ore/count_reg[1]_C/CLR, crono/contatore_ore/count_reg[1]_LDC/CLR. The LUT may glitch and trigger an unexpected reset, even if it is a properly timed path.
Related violations: <none>

LUTAR-1#5 Warning
LUT drives async reset alert  
LUT cell crono/contatore_ore/count_reg[2]_LDC_i_1__1, with 2 or more inputs, drives asynchronous preset/clear pin(s) crono/contatore_ore/count_reg[2]_P/PRE. The LUT may glitch and trigger an unexpected reset, even if it is a properly timed path.
Related violations: <none>

LUTAR-1#6 Warning
LUT drives async reset alert  
LUT cell crono/contatore_ore/count_reg[2]_LDC_i_2__1, with 2 or more inputs, drives asynchronous preset/clear pin(s) crono/contatore_ore/count_reg[2]_C/CLR, crono/contatore_ore/count_reg[2]_LDC/CLR. The LUT may glitch and trigger an unexpected reset, even if it is a properly timed path.
Related violations: <none>

LUTAR-1#7 Warning
LUT drives async reset alert  
LUT cell crono/contatore_ore/count_reg[3]_LDC_i_1__1, with 2 or more inputs, drives asynchronous preset/clear pin(s) crono/contatore_ore/count_reg[3]_P/PRE. The LUT may glitch and trigger an unexpected reset, even if it is a properly timed path.
Related violations: <none>

LUTAR-1#8 Warning
LUT drives async reset alert  
LUT cell crono/contatore_ore/count_reg[3]_LDC_i_2__1, with 2 or more inputs, drives asynchronous preset/clear pin(s) crono/contatore_ore/count_reg[3]_C/CLR, crono/contatore_ore/count_reg[3]_LDC/CLR. The LUT may glitch and trigger an unexpected reset, even if it is a properly timed path.
Related violations: <none>

LUTAR-1#9 Warning
LUT drives async reset alert  
LUT cell crono/contatore_ore/count_reg[4]_LDC_i_1__1, with 2 or more inputs, drives asynchronous preset/clear pin(s) crono/contatore_ore/count_reg[4]_P/PRE. The LUT may glitch and trigger an unexpected reset, even if it is a properly timed path.
Related violations: <none>

LUTAR-1#10 Warning
LUT drives async reset alert  
LUT cell crono/contatore_ore/count_reg[4]_LDC_i_2__1, with 2 or more inputs, drives asynchronous preset/clear pin(s) crono/contatore_ore/count_reg[4]_C/CLR, crono/contatore_ore/count_reg[4]_LDC/CLR. The LUT may glitch and trigger an unexpected reset, even if it is a properly timed path.
Related violations: <none>

LUTAR-1#11 Warning
LUT drives async reset alert  
LUT cell debouncer_set_h/count[31]_i_3__6, with 2 or more inputs, drives asynchronous preset/clear pin(s) crono/contatore_ore/count_reg[10]/CLR, crono/contatore_ore/count_reg[11]/CLR, crono/contatore_ore/count_reg[12]/CLR, crono/contatore_ore/count_reg[13]/CLR, crono/contatore_ore/count_reg[14]/CLR, crono/contatore_ore/count_reg[15]/CLR, crono/contatore_ore/count_reg[16]/CLR, crono/contatore_ore/count_reg[17]/CLR, crono/contatore_ore/count_reg[18]/CLR, crono/contatore_ore/count_reg[19]/CLR, crono/contatore_ore/count_reg[20]/CLR, crono/contatore_ore/count_reg[21]/CLR, crono/contatore_ore/count_reg[22]/CLR, crono/contatore_ore/count_reg[23]/CLR, crono/contatore_ore/count_reg[24]/CLR (the first 15 of 30 listed). The LUT may glitch and trigger an unexpected reset, even if it is a properly timed path.
Related violations: <none>

LUTAR-1#12 Warning
LUT drives async reset alert  
LUT cell debouncer_set_m/count[31]_i_3__5, with 2 or more inputs, drives asynchronous preset/clear pin(s) crono/contatore_minuti/EN_reg/CLR, crono/contatore_minuti/count_reg[10]/CLR, crono/contatore_minuti/count_reg[11]/CLR, crono/contatore_minuti/count_reg[12]/CLR, crono/contatore_minuti/count_reg[13]/CLR, crono/contatore_minuti/count_reg[14]/CLR, crono/contatore_minuti/count_reg[15]/CLR, crono/contatore_minuti/count_reg[16]/CLR, crono/contatore_minuti/count_reg[17]/CLR, crono/contatore_minuti/count_reg[18]/CLR, crono/contatore_minuti/count_reg[19]/CLR, crono/contatore_minuti/count_reg[20]/CLR, crono/contatore_minuti/count_reg[21]/CLR, crono/contatore_minuti/count_reg[22]/CLR, crono/contatore_minuti/count_reg[23]/CLR (the first 15 of 27 listed). The LUT may glitch and trigger an unexpected reset, even if it is a properly timed path.
Related violations: <none>

LUTAR-1#13 Warning
LUT drives async reset alert  
LUT cell debouncer_set_m/count_reg[0]_LDC_i_1__0, with 2 or more inputs, drives asynchronous preset/clear pin(s) crono/contatore_minuti/count_reg[0]_P/PRE. The LUT may glitch and trigger an unexpected reset, even if it is a properly timed path.
Related violations: <none>

LUTAR-1#14 Warning
LUT drives async reset alert  
LUT cell debouncer_set_m/count_reg[0]_LDC_i_2__0, with 2 or more inputs, drives asynchronous preset/clear pin(s) crono/contatore_minuti/count_reg[0]_C/CLR, crono/contatore_minuti/count_reg[0]_LDC/CLR. The LUT may glitch and trigger an unexpected reset, even if it is a properly timed path.
Related violations: <none>

LUTAR-1#15 Warning
LUT drives async reset alert  
LUT cell debouncer_set_m/count_reg[1]_LDC_i_1__0, with 2 or more inputs, drives asynchronous preset/clear pin(s) crono/contatore_minuti/count_reg[1]_P/PRE. The LUT may glitch and trigger an unexpected reset, even if it is a properly timed path.
Related violations: <none>

LUTAR-1#16 Warning
LUT drives async reset alert  
LUT cell debouncer_set_m/count_reg[1]_LDC_i_2__0, with 2 or more inputs, drives asynchronous preset/clear pin(s) crono/contatore_minuti/count_reg[1]_C/CLR, crono/contatore_minuti/count_reg[1]_LDC/CLR. The LUT may glitch and trigger an unexpected reset, even if it is a properly timed path.
Related violations: <none>

LUTAR-1#17 Warning
LUT drives async reset alert  
LUT cell debouncer_set_m/count_reg[2]_LDC_i_1__0, with 2 or more inputs, drives asynchronous preset/clear pin(s) crono/contatore_minuti/count_reg[2]_P/PRE. The LUT may glitch and trigger an unexpected reset, even if it is a properly timed path.
Related violations: <none>

LUTAR-1#18 Warning
LUT drives async reset alert  
LUT cell debouncer_set_m/count_reg[2]_LDC_i_2__0, with 2 or more inputs, drives asynchronous preset/clear pin(s) crono/contatore_minuti/count_reg[2]_C/CLR, crono/contatore_minuti/count_reg[2]_LDC/CLR. The LUT may glitch and trigger an unexpected reset, even if it is a properly timed path.
Related violations: <none>

LUTAR-1#19 Warning
LUT drives async reset alert  
LUT cell debouncer_set_m/count_reg[3]_LDC_i_1__0, with 2 or more inputs, drives asynchronous preset/clear pin(s) crono/contatore_minuti/count_reg[3]_P/PRE. The LUT may glitch and trigger an unexpected reset, even if it is a properly timed path.
Related violations: <none>

LUTAR-1#20 Warning
LUT drives async reset alert  
LUT cell debouncer_set_m/count_reg[3]_LDC_i_2__0, with 2 or more inputs, drives asynchronous preset/clear pin(s) crono/contatore_minuti/count_reg[3]_C/CLR, crono/contatore_minuti/count_reg[3]_LDC/CLR. The LUT may glitch and trigger an unexpected reset, even if it is a properly timed path.
Related violations: <none>

LUTAR-1#21 Warning
LUT drives async reset alert  
LUT cell debouncer_set_m/count_reg[4]_LDC_i_1__0, with 2 or more inputs, drives asynchronous preset/clear pin(s) crono/contatore_minuti/count_reg[4]_P/PRE. The LUT may glitch and trigger an unexpected reset, even if it is a properly timed path.
Related violations: <none>

LUTAR-1#22 Warning
LUT drives async reset alert  
LUT cell debouncer_set_m/count_reg[4]_LDC_i_2__0, with 2 or more inputs, drives asynchronous preset/clear pin(s) crono/contatore_minuti/count_reg[4]_C/CLR, crono/contatore_minuti/count_reg[4]_LDC/CLR. The LUT may glitch and trigger an unexpected reset, even if it is a properly timed path.
Related violations: <none>

LUTAR-1#23 Warning
LUT drives async reset alert  
LUT cell debouncer_set_m/count_reg[5]_LDC_i_1__0, with 2 or more inputs, drives asynchronous preset/clear pin(s) crono/contatore_minuti/count_reg[5]_P/PRE. The LUT may glitch and trigger an unexpected reset, even if it is a properly timed path.
Related violations: <none>

LUTAR-1#24 Warning
LUT drives async reset alert  
LUT cell debouncer_set_m/count_reg[5]_LDC_i_2__0, with 2 or more inputs, drives asynchronous preset/clear pin(s) crono/contatore_minuti/count_reg[5]_C/CLR, crono/contatore_minuti/count_reg[5]_LDC/CLR. The LUT may glitch and trigger an unexpected reset, even if it is a properly timed path.
Related violations: <none>

LUTAR-1#25 Warning
LUT drives async reset alert  
LUT cell debouncer_set_s/count[31]_i_3__4, with 2 or more inputs, drives asynchronous preset/clear pin(s) crono/contatore_secondi/EN_reg/CLR, crono/contatore_secondi/count_reg[10]/CLR, crono/contatore_secondi/count_reg[11]/CLR, crono/contatore_secondi/count_reg[12]/CLR, crono/contatore_secondi/count_reg[13]/CLR, crono/contatore_secondi/count_reg[14]/CLR, crono/contatore_secondi/count_reg[15]/CLR, crono/contatore_secondi/count_reg[16]/CLR, crono/contatore_secondi/count_reg[17]/CLR, crono/contatore_secondi/count_reg[18]/CLR, crono/contatore_secondi/count_reg[19]/CLR, crono/contatore_secondi/count_reg[20]/CLR, crono/contatore_secondi/count_reg[21]/CLR, crono/contatore_secondi/count_reg[22]/CLR, crono/contatore_secondi/count_reg[23]/CLR (the first 15 of 27 listed). The LUT may glitch and trigger an unexpected reset, even if it is a properly timed path.
Related violations: <none>

LUTAR-1#26 Warning
LUT drives async reset alert  
LUT cell debouncer_set_s/count_reg[0]_LDC_i_1, with 2 or more inputs, drives asynchronous preset/clear pin(s) crono/contatore_secondi/count_reg[0]_P/PRE. The LUT may glitch and trigger an unexpected reset, even if it is a properly timed path.
Related violations: <none>

LUTAR-1#27 Warning
LUT drives async reset alert  
LUT cell debouncer_set_s/count_reg[0]_LDC_i_2, with 2 or more inputs, drives asynchronous preset/clear pin(s) crono/contatore_secondi/count_reg[0]_C/CLR, crono/contatore_secondi/count_reg[0]_LDC/CLR. The LUT may glitch and trigger an unexpected reset, even if it is a properly timed path.
Related violations: <none>

LUTAR-1#28 Warning
LUT drives async reset alert  
LUT cell debouncer_set_s/count_reg[1]_LDC_i_1, with 2 or more inputs, drives asynchronous preset/clear pin(s) crono/contatore_secondi/count_reg[1]_P/PRE. The LUT may glitch and trigger an unexpected reset, even if it is a properly timed path.
Related violations: <none>

LUTAR-1#29 Warning
LUT drives async reset alert  
LUT cell debouncer_set_s/count_reg[1]_LDC_i_2, with 2 or more inputs, drives asynchronous preset/clear pin(s) crono/contatore_secondi/count_reg[1]_C/CLR, crono/contatore_secondi/count_reg[1]_LDC/CLR. The LUT may glitch and trigger an unexpected reset, even if it is a properly timed path.
Related violations: <none>

LUTAR-1#30 Warning
LUT drives async reset alert  
LUT cell debouncer_set_s/count_reg[2]_LDC_i_1, with 2 or more inputs, drives asynchronous preset/clear pin(s) crono/contatore_secondi/count_reg[2]_P/PRE. The LUT may glitch and trigger an unexpected reset, even if it is a properly timed path.
Related violations: <none>

LUTAR-1#31 Warning
LUT drives async reset alert  
LUT cell debouncer_set_s/count_reg[2]_LDC_i_2, with 2 or more inputs, drives asynchronous preset/clear pin(s) crono/contatore_secondi/count_reg[2]_C/CLR, crono/contatore_secondi/count_reg[2]_LDC/CLR. The LUT may glitch and trigger an unexpected reset, even if it is a properly timed path.
Related violations: <none>

LUTAR-1#32 Warning
LUT drives async reset alert  
LUT cell debouncer_set_s/count_reg[3]_LDC_i_1, with 2 or more inputs, drives asynchronous preset/clear pin(s) crono/contatore_secondi/count_reg[3]_P/PRE. The LUT may glitch and trigger an unexpected reset, even if it is a properly timed path.
Related violations: <none>

LUTAR-1#33 Warning
LUT drives async reset alert  
LUT cell debouncer_set_s/count_reg[3]_LDC_i_2, with 2 or more inputs, drives asynchronous preset/clear pin(s) crono/contatore_secondi/count_reg[3]_C/CLR, crono/contatore_secondi/count_reg[3]_LDC/CLR. The LUT may glitch and trigger an unexpected reset, even if it is a properly timed path.
Related violations: <none>

LUTAR-1#34 Warning
LUT drives async reset alert  
LUT cell debouncer_set_s/count_reg[4]_LDC_i_1, with 2 or more inputs, drives asynchronous preset/clear pin(s) crono/contatore_secondi/count_reg[4]_P/PRE. The LUT may glitch and trigger an unexpected reset, even if it is a properly timed path.
Related violations: <none>

LUTAR-1#35 Warning
LUT drives async reset alert  
LUT cell debouncer_set_s/count_reg[4]_LDC_i_2, with 2 or more inputs, drives asynchronous preset/clear pin(s) crono/contatore_secondi/count_reg[4]_C/CLR, crono/contatore_secondi/count_reg[4]_LDC/CLR. The LUT may glitch and trigger an unexpected reset, even if it is a properly timed path.
Related violations: <none>

LUTAR-1#36 Warning
LUT drives async reset alert  
LUT cell debouncer_set_s/count_reg[5]_LDC_i_1, with 2 or more inputs, drives asynchronous preset/clear pin(s) crono/contatore_secondi/count_reg[5]_P/PRE. The LUT may glitch and trigger an unexpected reset, even if it is a properly timed path.
Related violations: <none>

LUTAR-1#37 Warning
LUT drives async reset alert  
LUT cell debouncer_set_s/count_reg[5]_LDC_i_2, with 2 or more inputs, drives asynchronous preset/clear pin(s) crono/contatore_secondi/count_reg[5]_C/CLR, crono/contatore_secondi/count_reg[5]_LDC/CLR. The LUT may glitch and trigger an unexpected reset, even if it is a properly timed path.
Related violations: <none>

LUTAR-1#38 Warning
LUT drives async reset alert  
LUT cell it/mem_temps[0].reg_temp/cathodes_out_OBUF[0]_inst_i_1, with 2 or more inputs, drives asynchronous preset/clear pin(s) it/mem_temps[1].reg_temp/y_temp_reg[0]/CLR, it/mem_temps[1].reg_temp/y_temp_reg[10]/CLR, it/mem_temps[1].reg_temp/y_temp_reg[11]/CLR, it/mem_temps[1].reg_temp/y_temp_reg[12]/CLR, it/mem_temps[1].reg_temp/y_temp_reg[13]/CLR, it/mem_temps[1].reg_temp/y_temp_reg[14]/CLR, it/mem_temps[1].reg_temp/y_temp_reg[15]/CLR, it/mem_temps[1].reg_temp/y_temp_reg[16]/CLR, it/mem_temps[1].reg_temp/y_temp_reg[17]/CLR, it/mem_temps[1].reg_temp/y_temp_reg[18]/CLR, it/mem_temps[1].reg_temp/y_temp_reg[19]/CLR, it/mem_temps[1].reg_temp/y_temp_reg[1]/CLR, it/mem_temps[1].reg_temp/y_temp_reg[20]/CLR, it/mem_temps[1].reg_temp/y_temp_reg[21]/CLR, it/mem_temps[1].reg_temp/y_temp_reg[22]/CLR (the first 15 of 51 listed). The LUT may glitch and trigger an unexpected reset, even if it is a properly timed path.
Related violations: <none>

TIMING-18#1 Warning
Missing input or output delay  
An input delay is missing on reset_in relative to clock(s) sys_clk_pin
Related violations: <none>

TIMING-18#2 Warning
Missing input or output delay  
An input delay is missing on sel relative to clock(s) sys_clk_pin
Related violations: <none>

TIMING-18#3 Warning
Missing input or output delay  
An input delay is missing on set_h relative to clock(s) sys_clk_pin
Related violations: <none>

TIMING-18#4 Warning
Missing input or output delay  
An input delay is missing on set_m relative to clock(s) sys_clk_pin
Related violations: <none>

TIMING-18#5 Warning
Missing input or output delay  
An input delay is missing on set_s relative to clock(s) sys_clk_pin
Related violations: <none>

TIMING-18#6 Warning
Missing input or output delay  
An input delay is missing on stop relative to clock(s) sys_clk_pin
Related violations: <none>

TIMING-18#7 Warning
Missing input or output delay  
An output delay is missing on anodes_out[0] relative to clock(s) sys_clk_pin
Related violations: <none>

TIMING-18#8 Warning
Missing input or output delay  
An output delay is missing on anodes_out[1] relative to clock(s) sys_clk_pin
Related violations: <none>

TIMING-18#9 Warning
Missing input or output delay  
An output delay is missing on anodes_out[2] relative to clock(s) sys_clk_pin
Related violations: <none>

TIMING-18#10 Warning
Missing input or output delay  
An output delay is missing on anodes_out[3] relative to clock(s) sys_clk_pin
Related violations: <none>

TIMING-18#11 Warning
Missing input or output delay  
An output delay is missing on anodes_out[4] relative to clock(s) sys_clk_pin
Related violations: <none>

TIMING-18#12 Warning
Missing input or output delay  
An output delay is missing on anodes_out[5] relative to clock(s) sys_clk_pin
Related violations: <none>

TIMING-18#13 Warning
Missing input or output delay  
An output delay is missing on anodes_out[6] relative to clock(s) sys_clk_pin
Related violations: <none>

TIMING-18#14 Warning
Missing input or output delay  
An output delay is missing on anodes_out[7] relative to clock(s) sys_clk_pin
Related violations: <none>

TIMING-18#15 Warning
Missing input or output delay  
An output delay is missing on cathodes_out[0] relative to clock(s) sys_clk_pin
Related violations: <none>

TIMING-18#16 Warning
Missing input or output delay  
An output delay is missing on cathodes_out[1] relative to clock(s) sys_clk_pin
Related violations: <none>

TIMING-18#17 Warning
Missing input or output delay  
An output delay is missing on cathodes_out[2] relative to clock(s) sys_clk_pin
Related violations: <none>

TIMING-18#18 Warning
Missing input or output delay  
An output delay is missing on cathodes_out[3] relative to clock(s) sys_clk_pin
Related violations: <none>

TIMING-18#19 Warning
Missing input or output delay  
An output delay is missing on cathodes_out[4] relative to clock(s) sys_clk_pin
Related violations: <none>

TIMING-18#20 Warning
Missing input or output delay  
An output delay is missing on cathodes_out[5] relative to clock(s) sys_clk_pin
Related violations: <none>

TIMING-18#21 Warning
Missing input or output delay  
An output delay is missing on cathodes_out[6] relative to clock(s) sys_clk_pin
Related violations: <none>

TIMING-18#22 Warning
Missing input or output delay  
An output delay is missing on cathodes_out[7] relative to clock(s) sys_clk_pin
Related violations: <none>

TIMING-20#1 Warning
Non-clocked latch  
The latch crono/contatore_minuti/count_reg[0]_LDC cannot be properly analyzed as its control pin crono/contatore_minuti/count_reg[0]_LDC/G is not reached by a timing clock
Related violations: <none>

TIMING-20#2 Warning
Non-clocked latch  
The latch crono/contatore_minuti/count_reg[1]_LDC cannot be properly analyzed as its control pin crono/contatore_minuti/count_reg[1]_LDC/G is not reached by a timing clock
Related violations: <none>

TIMING-20#3 Warning
Non-clocked latch  
The latch crono/contatore_minuti/count_reg[2]_LDC cannot be properly analyzed as its control pin crono/contatore_minuti/count_reg[2]_LDC/G is not reached by a timing clock
Related violations: <none>

TIMING-20#4 Warning
Non-clocked latch  
The latch crono/contatore_minuti/count_reg[3]_LDC cannot be properly analyzed as its control pin crono/contatore_minuti/count_reg[3]_LDC/G is not reached by a timing clock
Related violations: <none>

TIMING-20#5 Warning
Non-clocked latch  
The latch crono/contatore_minuti/count_reg[4]_LDC cannot be properly analyzed as its control pin crono/contatore_minuti/count_reg[4]_LDC/G is not reached by a timing clock
Related violations: <none>

TIMING-20#6 Warning
Non-clocked latch  
The latch crono/contatore_minuti/count_reg[5]_LDC cannot be properly analyzed as its control pin crono/contatore_minuti/count_reg[5]_LDC/G is not reached by a timing clock
Related violations: <none>

TIMING-20#7 Warning
Non-clocked latch  
The latch crono/contatore_minuti/temp_reg[0] cannot be properly analyzed as its control pin crono/contatore_minuti/temp_reg[0]/G is not reached by a timing clock
Related violations: <none>

TIMING-20#8 Warning
Non-clocked latch  
The latch crono/contatore_minuti/temp_reg[1] cannot be properly analyzed as its control pin crono/contatore_minuti/temp_reg[1]/G is not reached by a timing clock
Related violations: <none>

TIMING-20#9 Warning
Non-clocked latch  
The latch crono/contatore_minuti/temp_reg[2] cannot be properly analyzed as its control pin crono/contatore_minuti/temp_reg[2]/G is not reached by a timing clock
Related violations: <none>

TIMING-20#10 Warning
Non-clocked latch  
The latch crono/contatore_minuti/temp_reg[3] cannot be properly analyzed as its control pin crono/contatore_minuti/temp_reg[3]/G is not reached by a timing clock
Related violations: <none>

TIMING-20#11 Warning
Non-clocked latch  
The latch crono/contatore_minuti/temp_reg[4] cannot be properly analyzed as its control pin crono/contatore_minuti/temp_reg[4]/G is not reached by a timing clock
Related violations: <none>

TIMING-20#12 Warning
Non-clocked latch  
The latch crono/contatore_minuti/temp_reg[5] cannot be properly analyzed as its control pin crono/contatore_minuti/temp_reg[5]/G is not reached by a timing clock
Related violations: <none>

TIMING-20#13 Warning
Non-clocked latch  
The latch crono/contatore_ore/count_reg[0]_LDC cannot be properly analyzed as its control pin crono/contatore_ore/count_reg[0]_LDC/G is not reached by a timing clock
Related violations: <none>

TIMING-20#14 Warning
Non-clocked latch  
The latch crono/contatore_ore/count_reg[1]_LDC cannot be properly analyzed as its control pin crono/contatore_ore/count_reg[1]_LDC/G is not reached by a timing clock
Related violations: <none>

TIMING-20#15 Warning
Non-clocked latch  
The latch crono/contatore_ore/count_reg[2]_LDC cannot be properly analyzed as its control pin crono/contatore_ore/count_reg[2]_LDC/G is not reached by a timing clock
Related violations: <none>

TIMING-20#16 Warning
Non-clocked latch  
The latch crono/contatore_ore/count_reg[3]_LDC cannot be properly analyzed as its control pin crono/contatore_ore/count_reg[3]_LDC/G is not reached by a timing clock
Related violations: <none>

TIMING-20#17 Warning
Non-clocked latch  
The latch crono/contatore_ore/count_reg[4]_LDC cannot be properly analyzed as its control pin crono/contatore_ore/count_reg[4]_LDC/G is not reached by a timing clock
Related violations: <none>

TIMING-20#18 Warning
Non-clocked latch  
The latch crono/contatore_ore/temp_reg[0] cannot be properly analyzed as its control pin crono/contatore_ore/temp_reg[0]/G is not reached by a timing clock
Related violations: <none>

TIMING-20#19 Warning
Non-clocked latch  
The latch crono/contatore_ore/temp_reg[1] cannot be properly analyzed as its control pin crono/contatore_ore/temp_reg[1]/G is not reached by a timing clock
Related violations: <none>

TIMING-20#20 Warning
Non-clocked latch  
The latch crono/contatore_ore/temp_reg[2] cannot be properly analyzed as its control pin crono/contatore_ore/temp_reg[2]/G is not reached by a timing clock
Related violations: <none>

TIMING-20#21 Warning
Non-clocked latch  
The latch crono/contatore_ore/temp_reg[3] cannot be properly analyzed as its control pin crono/contatore_ore/temp_reg[3]/G is not reached by a timing clock
Related violations: <none>

TIMING-20#22 Warning
Non-clocked latch  
The latch crono/contatore_ore/temp_reg[4] cannot be properly analyzed as its control pin crono/contatore_ore/temp_reg[4]/G is not reached by a timing clock
Related violations: <none>

TIMING-20#23 Warning
Non-clocked latch  
The latch crono/contatore_secondi/count_reg[0]_LDC cannot be properly analyzed as its control pin crono/contatore_secondi/count_reg[0]_LDC/G is not reached by a timing clock
Related violations: <none>

TIMING-20#24 Warning
Non-clocked latch  
The latch crono/contatore_secondi/count_reg[1]_LDC cannot be properly analyzed as its control pin crono/contatore_secondi/count_reg[1]_LDC/G is not reached by a timing clock
Related violations: <none>

TIMING-20#25 Warning
Non-clocked latch  
The latch crono/contatore_secondi/count_reg[2]_LDC cannot be properly analyzed as its control pin crono/contatore_secondi/count_reg[2]_LDC/G is not reached by a timing clock
Related violations: <none>

TIMING-20#26 Warning
Non-clocked latch  
The latch crono/contatore_secondi/count_reg[3]_LDC cannot be properly analyzed as its control pin crono/contatore_secondi/count_reg[3]_LDC/G is not reached by a timing clock
Related violations: <none>

TIMING-20#27 Warning
Non-clocked latch  
The latch crono/contatore_secondi/count_reg[4]_LDC cannot be properly analyzed as its control pin crono/contatore_secondi/count_reg[4]_LDC/G is not reached by a timing clock
Related violations: <none>

TIMING-20#28 Warning
Non-clocked latch  
The latch crono/contatore_secondi/count_reg[5]_LDC cannot be properly analyzed as its control pin crono/contatore_secondi/count_reg[5]_LDC/G is not reached by a timing clock
Related violations: <none>

TIMING-20#29 Warning
Non-clocked latch  
The latch crono/contatore_secondi/temp_reg[0] cannot be properly analyzed as its control pin crono/contatore_secondi/temp_reg[0]/G is not reached by a timing clock
Related violations: <none>

TIMING-20#30 Warning
Non-clocked latch  
The latch crono/contatore_secondi/temp_reg[1] cannot be properly analyzed as its control pin crono/contatore_secondi/temp_reg[1]/G is not reached by a timing clock
Related violations: <none>

TIMING-20#31 Warning
Non-clocked latch  
The latch crono/contatore_secondi/temp_reg[2] cannot be properly analyzed as its control pin crono/contatore_secondi/temp_reg[2]/G is not reached by a timing clock
Related violations: <none>

TIMING-20#32 Warning
Non-clocked latch  
The latch crono/contatore_secondi/temp_reg[3] cannot be properly analyzed as its control pin crono/contatore_secondi/temp_reg[3]/G is not reached by a timing clock
Related violations: <none>

TIMING-20#33 Warning
Non-clocked latch  
The latch crono/contatore_secondi/temp_reg[4] cannot be properly analyzed as its control pin crono/contatore_secondi/temp_reg[4]/G is not reached by a timing clock
Related violations: <none>

TIMING-20#34 Warning
Non-clocked latch  
The latch crono/contatore_secondi/temp_reg[5] cannot be properly analyzed as its control pin crono/contatore_secondi/temp_reg[5]/G is not reached by a timing clock
Related violations: <none>


