INFO: [VRFC 10-163] Analyzing VHDL file "C:/Users/digig/OneDrive - Università di Napoli Federico II/Desktop/ARC/ProgettoASD_2021-22-main/Esercizio 10/Switch_con_handshaking/Switch_con_handshaking/Switch_con_handshaking.srcs/sources_1/new/Cell.vhd" into library xil_defaultlib
INFO: [VRFC 10-3107] analyzing entity 'Cell'
INFO: [VRFC 10-163] Analyzing VHDL file "C:/Users/digig/OneDrive - Università di Napoli Federico II/Desktop/ARC/ProgettoASD_2021-22-main/Esercizio 10/Switch_con_handshaking/Switch_con_handshaking/Switch_con_handshaking.srcs/sources_1/new/Datapath.vhd" into library xil_defaultlib
INFO: [VRFC 10-3107] analyzing entity 'Datapath'
INFO: [VRFC 10-163] Analyzing VHDL file "C:/Users/digig/OneDrive - Università di Napoli Federico II/Desktop/ARC/ProgettoASD_2021-22-main/Esercizio 10/Switch_con_handshaking/Switch_con_handshaking/Switch_con_handshaking.srcs/sources_1/new/Demux1_2.vhd" into library xil_defaultlib
INFO: [VRFC 10-3107] analyzing entity 'Demux1_2'
INFO: [VRFC 10-163] Analyzing VHDL file "C:/Users/digig/OneDrive - Università di Napoli Federico II/Desktop/ARC/ProgettoASD_2021-22-main/Esercizio 10/Switch_con_handshaking/Switch_con_handshaking/Switch_con_handshaking.srcs/sources_1/new/Demux1_4.vhd" into library xil_defaultlib
INFO: [VRFC 10-3107] analyzing entity 'Demux1_4'
INFO: [VRFC 10-163] Analyzing VHDL file "C:/Users/digig/OneDrive - Università di Napoli Federico II/Desktop/ARC/ProgettoASD_2021-22-main/Esercizio 10/Switch_con_handshaking/Switch_con_handshaking/Switch_con_handshaking.srcs/sources_1/new/Mux2_1.vhd" into library xil_defaultlib
INFO: [VRFC 10-3107] analyzing entity 'Mux2_1'
INFO: [VRFC 10-163] Analyzing VHDL file "C:/Users/digig/OneDrive - Università di Napoli Federico II/Desktop/ARC/ProgettoASD_2021-22-main/Esercizio 10/Switch_con_handshaking/Switch_con_handshaking/Switch_con_handshaking.srcs/sources_1/new/Mux4_1.vhd" into library xil_defaultlib
INFO: [VRFC 10-3107] analyzing entity 'Mux4_1'
INFO: [VRFC 10-163] Analyzing VHDL file "C:/Users/digig/OneDrive - Università di Napoli Federico II/Desktop/ARC/ProgettoASD_2021-22-main/Esercizio 10/Switch_con_handshaking/Switch_con_handshaking/Switch_con_handshaking.srcs/sources_1/new/Switch_Handshaking.vhd" into library xil_defaultlib
INFO: [VRFC 10-3107] analyzing entity 'Switch_Handshaking'
INFO: [VRFC 10-163] Analyzing VHDL file "C:/Users/digig/OneDrive - Università di Napoli Federico II/Desktop/ARC/ProgettoASD_2021-22-main/Esercizio 10/Switch_con_handshaking/Switch_con_handshaking/Switch_con_handshaking.srcs/sources_1/new/nodo_A.vhd" into library xil_defaultlib
INFO: [VRFC 10-3107] analyzing entity 'nodo_A'
INFO: [VRFC 10-163] Analyzing VHDL file "C:/Users/digig/OneDrive - Università di Napoli Federico II/Desktop/ARC/ProgettoASD_2021-22-main/Esercizio 10/Switch_con_handshaking/Switch_con_handshaking/Switch_con_handshaking.srcs/sources_1/new/nodo_B.vhd" into library xil_defaultlib
INFO: [VRFC 10-3107] analyzing entity 'nodo_B'
INFO: [VRFC 10-163] Analyzing VHDL file "C:/Users/digig/OneDrive - Università di Napoli Federico II/Desktop/ARC/ProgettoASD_2021-22-main/Esercizio 10/Switch_con_handshaking/Switch_con_handshaking/Switch_con_handshaking.srcs/sim_1/new/Switch_MultistadioTB.vhd" into library xil_defaultlib
INFO: [VRFC 10-3107] analyzing entity 'tb_Switch_Handshaking'
