Vivado Simulator 2019.1
Copyright 1986-1999, 2001-2019 Xilinx, Inc. All Rights Reserved.
Running: C:/Xilinx/Vivado/2019.1/bin/unwrapped/win64.o/xelab.exe -wto 88f9e91cb4454125b4cbfb01dcba7717 --incr --debug typical --relax --mt 2 -L xil_defaultlib -L secureip --snapshot TB1_behav xil_defaultlib.TB1 -log elaborate.log 
Using 2 slave threads.
Starting static elaboration
Completed static elaboration
Starting simulation data flow analysis
Completed simulation data flow analysis
Time Resolution for simulation is 1ps
Compiling package std.standard
Compiling package std.textio
Compiling package ieee.std_logic_1164
Compiling package ieee.math_real
Compiling package ieee.std_logic_arith
Compiling package ieee.std_logic_unsigned
Compiling package ieee.numeric_std
Compiling architecture behavioral of entity xil_defaultlib.interface_A [interface_a_default]
Compiling architecture behavioral of entity xil_defaultlib.MEM_A [mem_a_default]
Compiling architecture behavioral of entity xil_defaultlib.counter_a [counter_a_default]
Compiling architecture behavioral of entity xil_defaultlib.counter_a_byte [counter_a_byte_default]
Compiling architecture behavioral of entity xil_defaultlib.Shift_Register [shift_register_default]
Compiling architecture behavioral of entity xil_defaultlib.SistemaA [sistemaa_default]
Compiling architecture behavioral of entity xil_defaultlib.Interface_B [interface_b_default]
Compiling architecture behavioral of entity xil_defaultlib.counter_B [counter_b_default]
Compiling architecture behavioral of entity xil_defaultlib.MEM_B [mem_b_default]
Compiling architecture behavioral of entity xil_defaultlib.counter_N [counter_n_default]
Compiling architecture behavioral of entity xil_defaultlib.Shift_Register_b [shift_register_b_default]
Compiling architecture behavioral of entity xil_defaultlib.SistemaB [sistemab_default]
Compiling architecture behavioral of entity xil_defaultlib.Top_module [top_module_default]
Compiling architecture behavioral of entity xil_defaultlib.tb1
Built simulation snapshot TB1_behav
