#-----------------------------------------------------------
# Vivado v2019.1 (64-bit)
# SW Build 2552052 on Fri May 24 14:49:42 MDT 2019
# IP Build 2548770 on Fri May 24 18:01:18 MDT 2019
# Start of session at: Mon Feb 14 12:41:07 2022
# Process ID: 19064
# Current directory: C:/Users/digig/OneDrive - Università di Napoli Federico II/Desktop/ARC/ProgettoASD_2021-22-main/Esercizio 5/Cronometro_v4/Cronometro_v4
# Command line: vivado.exe -gui_launcher_event rodinguilauncherevent18832 C:\Users\digig\OneDrive - Università di Napoli Federico II\Desktop\ARC\ProgettoASD_2021-22-main\Esercizio 5\Cronometro_v4\Cronometro_v4\Cronometro_v4.xpr
# Log file: C:/Users/digig/OneDrive - Università di Napoli Federico II/Desktop/ARC/ProgettoASD_2021-22-main/Esercizio 5/Cronometro_v4/Cronometro_v4/vivado.log
# Journal file: C:/Users/digig/OneDrive - Università di Napoli Federico II/Desktop/ARC/ProgettoASD_2021-22-main/Esercizio 5/Cronometro_v4/Cronometro_v4\vivado.jou
#-----------------------------------------------------------
start_gui
open_project {C:/Users/digig/OneDrive - Università di Napoli Federico II/Desktop/ARC/ProgettoASD_2021-22-main/Esercizio 5/Cronometro_v4/Cronometro_v4/Cronometro_v4.xpr}
INFO: [ProjectBase 1-489] The host OS only allows 260 characters in a normal path. The project is stored in a path with more than 80 characters. If you experience issues with IP, Block Designs, or files not being found, please consider moving the project to a location with a shorter path. Alternately consider using the OS subst command to map part of the path to a drive letter.
Current project path is 'C:/Users/digig/OneDrive - Università di Napoli Federico II/Desktop/ARC/ProgettoASD_2021-22-main/Esercizio 5/Cronometro_v4/Cronometro_v4'
INFO: [Project 1-313] Project file moved from 'C:/Users/giuse/Documents/Progetti tesina/Esercizio 5/Cronometro_v4' since last save.
Scanning sources...
Finished scanning sources
INFO: [IP_Flow 19-234] Refreshing IP repositories
INFO: [IP_Flow 19-1704] No user IP repositories specified
INFO: [IP_Flow 19-2313] Loaded Vivado IP repository 'C:/Xilinx/Vivado/2019.1/data/ip'.
open_project: Time (s): cpu = 00:00:31 ; elapsed = 00:00:15 . Memory (MB): peak = 863.180 ; gain = 219.332
update_compile_order -fileset sources_1
synth_design -rtl -name rtl_1
Command: synth_design -rtl -name rtl_1
Starting synth_design
Using part: xc7a100tcsg324-1
Top: cronometro_on_board
INFO: [Device 21-403] Loading part xc7a100tcsg324-1
---------------------------------------------------------------------------------
Starting RTL Elaboration : Time (s): cpu = 00:00:08 ; elapsed = 00:00:07 . Memory (MB): peak = 1291.254 ; gain = 174.074
---------------------------------------------------------------------------------
INFO: [Synth 8-638] synthesizing module 'cronometro_on_board' [C:/Users/digig/OneDrive - Università di Napoli Federico II/Desktop/ARC/ProgettoASD_2021-22-main/Esercizio 5/Cronometro_v4/Cronometro_v4/Cronometro_v4.srcs/sources_1/new/cronometro_on_board.vhd:52]
	Parameter CLK_period bound to: 10 - type: integer 
	Parameter btn_noise_time bound to: 500000000 - type: integer 
INFO: [Synth 8-3491] module 'ButtonDebouncer' declared at 'C:/Users/digig/OneDrive - Università di Napoli Federico II/Desktop/ARC/ProgettoASD_2021-22-main/Esercizio 5/Cronometro_v4/Cronometro_v4/Cronometro_v4.srcs/sources_1/new/ButtonDebouncer.vhd:34' bound to instance 'debouncer_sel' of component 'ButtonDebouncer' [C:/Users/digig/OneDrive - Università di Napoli Federico II/Desktop/ARC/ProgettoASD_2021-22-main/Esercizio 5/Cronometro_v4/Cronometro_v4/Cronometro_v4.srcs/sources_1/new/cronometro_on_board.vhd:146]
INFO: [Synth 8-638] synthesizing module 'ButtonDebouncer' [C:/Users/digig/OneDrive - Università di Napoli Federico II/Desktop/ARC/ProgettoASD_2021-22-main/Esercizio 5/Cronometro_v4/Cronometro_v4/Cronometro_v4.srcs/sources_1/new/ButtonDebouncer.vhd:46]
	Parameter CLK_period bound to: 10 - type: integer 
	Parameter btn_noise_time bound to: 500000000 - type: integer 
INFO: [Synth 8-226] default block is never used [C:/Users/digig/OneDrive - Università di Napoli Federico II/Desktop/ARC/ProgettoASD_2021-22-main/Esercizio 5/Cronometro_v4/Cronometro_v4/Cronometro_v4.srcs/sources_1/new/ButtonDebouncer.vhd:75]
INFO: [Synth 8-256] done synthesizing module 'ButtonDebouncer' (1#1) [C:/Users/digig/OneDrive - Università di Napoli Federico II/Desktop/ARC/ProgettoASD_2021-22-main/Esercizio 5/Cronometro_v4/Cronometro_v4/Cronometro_v4.srcs/sources_1/new/ButtonDebouncer.vhd:46]
	Parameter CLK_period bound to: 10 - type: integer 
	Parameter btn_noise_time bound to: 500000000 - type: integer 
INFO: [Synth 8-3491] module 'ButtonDebouncer' declared at 'C:/Users/digig/OneDrive - Università di Napoli Federico II/Desktop/ARC/ProgettoASD_2021-22-main/Esercizio 5/Cronometro_v4/Cronometro_v4/Cronometro_v4.srcs/sources_1/new/ButtonDebouncer.vhd:34' bound to instance 'debouncer_stop' of component 'ButtonDebouncer' [C:/Users/digig/OneDrive - Università di Napoli Federico II/Desktop/ARC/ProgettoASD_2021-22-main/Esercizio 5/Cronometro_v4/Cronometro_v4/Cronometro_v4.srcs/sources_1/new/cronometro_on_board.vhd:158]
	Parameter CLK_period bound to: 10 - type: integer 
	Parameter btn_noise_time bound to: 500000000 - type: integer 
INFO: [Synth 8-3491] module 'ButtonDebouncer' declared at 'C:/Users/digig/OneDrive - Università di Napoli Federico II/Desktop/ARC/ProgettoASD_2021-22-main/Esercizio 5/Cronometro_v4/Cronometro_v4/Cronometro_v4.srcs/sources_1/new/ButtonDebouncer.vhd:34' bound to instance 'debouncer_set_h' of component 'ButtonDebouncer' [C:/Users/digig/OneDrive - Università di Napoli Federico II/Desktop/ARC/ProgettoASD_2021-22-main/Esercizio 5/Cronometro_v4/Cronometro_v4/Cronometro_v4.srcs/sources_1/new/cronometro_on_board.vhd:169]
	Parameter CLK_period bound to: 10 - type: integer 
	Parameter btn_noise_time bound to: 500000000 - type: integer 
INFO: [Synth 8-3491] module 'ButtonDebouncer' declared at 'C:/Users/digig/OneDrive - Università di Napoli Federico II/Desktop/ARC/ProgettoASD_2021-22-main/Esercizio 5/Cronometro_v4/Cronometro_v4/Cronometro_v4.srcs/sources_1/new/ButtonDebouncer.vhd:34' bound to instance 'debouncer_set_m' of component 'ButtonDebouncer' [C:/Users/digig/OneDrive - Università di Napoli Federico II/Desktop/ARC/ProgettoASD_2021-22-main/Esercizio 5/Cronometro_v4/Cronometro_v4/Cronometro_v4.srcs/sources_1/new/cronometro_on_board.vhd:181]
	Parameter CLK_period bound to: 10 - type: integer 
	Parameter btn_noise_time bound to: 500000000 - type: integer 
INFO: [Synth 8-3491] module 'ButtonDebouncer' declared at 'C:/Users/digig/OneDrive - Università di Napoli Federico II/Desktop/ARC/ProgettoASD_2021-22-main/Esercizio 5/Cronometro_v4/Cronometro_v4/Cronometro_v4.srcs/sources_1/new/ButtonDebouncer.vhd:34' bound to instance 'debouncer_set_s' of component 'ButtonDebouncer' [C:/Users/digig/OneDrive - Università di Napoli Federico II/Desktop/ARC/ProgettoASD_2021-22-main/Esercizio 5/Cronometro_v4/Cronometro_v4/Cronometro_v4.srcs/sources_1/new/cronometro_on_board.vhd:193]
	Parameter CLKIN_freq bound to: 100000000 - type: integer 
	Parameter CLKOUT_freq bound to: 1 - type: integer 
INFO: [Synth 8-3491] module 'clock_filter' declared at 'C:/Users/digig/OneDrive - Università di Napoli Federico II/Desktop/ARC/ProgettoASD_2021-22-main/Esercizio 5/Cronometro_v4/Cronometro_v4/Cronometro_v4.srcs/sources_1/imports/Display7Seg - Vivado/clock_filter.vhd:32' bound to instance 'div_freq' of component 'clock_filter' [C:/Users/digig/OneDrive - Università di Napoli Federico II/Desktop/ARC/ProgettoASD_2021-22-main/Esercizio 5/Cronometro_v4/Cronometro_v4/Cronometro_v4.srcs/sources_1/new/cronometro_on_board.vhd:205]
INFO: [Synth 8-638] synthesizing module 'clock_filter' [C:/Users/digig/OneDrive - Università di Napoli Federico II/Desktop/ARC/ProgettoASD_2021-22-main/Esercizio 5/Cronometro_v4/Cronometro_v4/Cronometro_v4.srcs/sources_1/imports/Display7Seg - Vivado/clock_filter.vhd:44]
	Parameter CLKIN_freq bound to: 100000000 - type: integer 
	Parameter CLKOUT_freq bound to: 1 - type: integer 
INFO: [Synth 8-256] done synthesizing module 'clock_filter' (2#1) [C:/Users/digig/OneDrive - Università di Napoli Federico II/Desktop/ARC/ProgettoASD_2021-22-main/Esercizio 5/Cronometro_v4/Cronometro_v4/Cronometro_v4.srcs/sources_1/imports/Display7Seg - Vivado/clock_filter.vhd:44]
INFO: [Synth 8-3491] module 'cronometro' declared at 'C:/Users/digig/OneDrive - Università di Napoli Federico II/Desktop/ARC/ProgettoASD_2021-22-main/Esercizio 5/Cronometro_v4/Cronometro_v4/Cronometro_v4.srcs/sources_1/new/cronometro.vhd:34' bound to instance 'crono' of component 'cronometro' [C:/Users/digig/OneDrive - Università di Napoli Federico II/Desktop/ARC/ProgettoASD_2021-22-main/Esercizio 5/Cronometro_v4/Cronometro_v4/Cronometro_v4.srcs/sources_1/new/cronometro_on_board.vhd:216]
INFO: [Synth 8-638] synthesizing module 'cronometro' [C:/Users/digig/OneDrive - Università di Napoli Federico II/Desktop/ARC/ProgettoASD_2021-22-main/Esercizio 5/Cronometro_v4/Cronometro_v4/Cronometro_v4.srcs/sources_1/new/cronometro.vhd:50]
INFO: [Synth 8-3491] module 'cont_sm' declared at 'C:/Users/digig/OneDrive - Università di Napoli Federico II/Desktop/ARC/ProgettoASD_2021-22-main/Esercizio 5/Cronometro_v4/Cronometro_v4/Cronometro_v4.srcs/sources_1/new/cont_sm.vhd:35' bound to instance 'contatore_secondi' of component 'cont_sm' [C:/Users/digig/OneDrive - Università di Napoli Federico II/Desktop/ARC/ProgettoASD_2021-22-main/Esercizio 5/Cronometro_v4/Cronometro_v4/Cronometro_v4.srcs/sources_1/new/cronometro.vhd:82]
INFO: [Synth 8-638] synthesizing module 'cont_sm' [C:/Users/digig/OneDrive - Università di Napoli Federico II/Desktop/ARC/ProgettoASD_2021-22-main/Esercizio 5/Cronometro_v4/Cronometro_v4/Cronometro_v4.srcs/sources_1/new/cont_sm.vhd:49]
WARNING: [Synth 8-614] signal 'ore_en' is read in the process but is not in the sensitivity list [C:/Users/digig/OneDrive - Università di Napoli Federico II/Desktop/ARC/ProgettoASD_2021-22-main/Esercizio 5/Cronometro_v4/Cronometro_v4/Cronometro_v4.srcs/sources_1/new/cont_sm.vhd:58]
WARNING: [Synth 8-614] signal 'INIT' is read in the process but is not in the sensitivity list [C:/Users/digig/OneDrive - Università di Napoli Federico II/Desktop/ARC/ProgettoASD_2021-22-main/Esercizio 5/Cronometro_v4/Cronometro_v4/Cronometro_v4.srcs/sources_1/new/cont_sm.vhd:58]
WARNING: [Synth 8-614] signal 'temp' is read in the process but is not in the sensitivity list [C:/Users/digig/OneDrive - Università di Napoli Federico II/Desktop/ARC/ProgettoASD_2021-22-main/Esercizio 5/Cronometro_v4/Cronometro_v4/Cronometro_v4.srcs/sources_1/new/cont_sm.vhd:58]
INFO: [Synth 8-256] done synthesizing module 'cont_sm' (3#1) [C:/Users/digig/OneDrive - Università di Napoli Federico II/Desktop/ARC/ProgettoASD_2021-22-main/Esercizio 5/Cronometro_v4/Cronometro_v4/Cronometro_v4.srcs/sources_1/new/cont_sm.vhd:49]
INFO: [Synth 8-3491] module 'cont_sm' declared at 'C:/Users/digig/OneDrive - Università di Napoli Federico II/Desktop/ARC/ProgettoASD_2021-22-main/Esercizio 5/Cronometro_v4/Cronometro_v4/Cronometro_v4.srcs/sources_1/new/cont_sm.vhd:35' bound to instance 'contatore_minuti' of component 'cont_sm' [C:/Users/digig/OneDrive - Università di Napoli Federico II/Desktop/ARC/ProgettoASD_2021-22-main/Esercizio 5/Cronometro_v4/Cronometro_v4/Cronometro_v4.srcs/sources_1/new/cronometro.vhd:93]
INFO: [Synth 8-3491] module 'cont_o' declared at 'C:/Users/digig/OneDrive - Università di Napoli Federico II/Desktop/ARC/ProgettoASD_2021-22-main/Esercizio 5/Cronometro_v4/Cronometro_v4/Cronometro_v4.srcs/sources_1/new/cont_o.vhd:38' bound to instance 'contatore_ore' of component 'cont_o' [C:/Users/digig/OneDrive - Università di Napoli Federico II/Desktop/ARC/ProgettoASD_2021-22-main/Esercizio 5/Cronometro_v4/Cronometro_v4/Cronometro_v4.srcs/sources_1/new/cronometro.vhd:104]
INFO: [Synth 8-638] synthesizing module 'cont_o' [C:/Users/digig/OneDrive - Università di Napoli Federico II/Desktop/ARC/ProgettoASD_2021-22-main/Esercizio 5/Cronometro_v4/Cronometro_v4/Cronometro_v4.srcs/sources_1/new/cont_o.vhd:51]
WARNING: [Synth 8-614] signal 'ore_en' is read in the process but is not in the sensitivity list [C:/Users/digig/OneDrive - Università di Napoli Federico II/Desktop/ARC/ProgettoASD_2021-22-main/Esercizio 5/Cronometro_v4/Cronometro_v4/Cronometro_v4.srcs/sources_1/new/cont_o.vhd:59]
WARNING: [Synth 8-614] signal 'INIT' is read in the process but is not in the sensitivity list [C:/Users/digig/OneDrive - Università di Napoli Federico II/Desktop/ARC/ProgettoASD_2021-22-main/Esercizio 5/Cronometro_v4/Cronometro_v4/Cronometro_v4.srcs/sources_1/new/cont_o.vhd:59]
WARNING: [Synth 8-614] signal 'temp' is read in the process but is not in the sensitivity list [C:/Users/digig/OneDrive - Università di Napoli Federico II/Desktop/ARC/ProgettoASD_2021-22-main/Esercizio 5/Cronometro_v4/Cronometro_v4/Cronometro_v4.srcs/sources_1/new/cont_o.vhd:59]
INFO: [Synth 8-256] done synthesizing module 'cont_o' (4#1) [C:/Users/digig/OneDrive - Università di Napoli Federico II/Desktop/ARC/ProgettoASD_2021-22-main/Esercizio 5/Cronometro_v4/Cronometro_v4/Cronometro_v4.srcs/sources_1/new/cont_o.vhd:51]
INFO: [Synth 8-256] done synthesizing module 'cronometro' (5#1) [C:/Users/digig/OneDrive - Università di Napoli Federico II/Desktop/ARC/ProgettoASD_2021-22-main/Esercizio 5/Cronometro_v4/Cronometro_v4/Cronometro_v4.srcs/sources_1/new/cronometro.vhd:50]
	Parameter n_register bound to: 2 - type: integer 
INFO: [Synth 8-3491] module 'intertempi' declared at 'C:/Users/digig/OneDrive - Università di Napoli Federico II/Desktop/ARC/ProgettoASD_2021-22-main/Esercizio 5/Cronometro_v4/Cronometro_v4/Cronometro_v4.srcs/sources_1/new/intertempi.vhd:34' bound to instance 'it' of component 'intertempi' [C:/Users/digig/OneDrive - Università di Napoli Federico II/Desktop/ARC/ProgettoASD_2021-22-main/Esercizio 5/Cronometro_v4/Cronometro_v4/Cronometro_v4.srcs/sources_1/new/cronometro_on_board.vhd:235]
INFO: [Synth 8-638] synthesizing module 'intertempi' [C:/Users/digig/OneDrive - Università di Napoli Federico II/Desktop/ARC/ProgettoASD_2021-22-main/Esercizio 5/Cronometro_v4/Cronometro_v4/Cronometro_v4.srcs/sources_1/new/intertempi.vhd:48]
	Parameter n_register bound to: 2 - type: integer 
	Parameter n bound to: 1 - type: integer 
INFO: [Synth 8-3491] module 'mux' declared at 'C:/Users/digig/OneDrive - Università di Napoli Federico II/Desktop/ARC/ProgettoASD_2021-22-main/Esercizio 5/Cronometro_v4/Cronometro_v4/Cronometro_v4.srcs/sources_1/new/mux.vhd:36' bound to instance 'mux21' of component 'mux' [C:/Users/digig/OneDrive - Università di Napoli Federico II/Desktop/ARC/ProgettoASD_2021-22-main/Esercizio 5/Cronometro_v4/Cronometro_v4/Cronometro_v4.srcs/sources_1/new/intertempi.vhd:95]
INFO: [Synth 8-638] synthesizing module 'mux' [C:/Users/digig/OneDrive - Università di Napoli Federico II/Desktop/ARC/ProgettoASD_2021-22-main/Esercizio 5/Cronometro_v4/Cronometro_v4/Cronometro_v4.srcs/sources_1/new/mux.vhd:47]
	Parameter n bound to: 1 - type: integer 
INFO: [Synth 8-256] done synthesizing module 'mux' (6#1) [C:/Users/digig/OneDrive - Università di Napoli Federico II/Desktop/ARC/ProgettoASD_2021-22-main/Esercizio 5/Cronometro_v4/Cronometro_v4/Cronometro_v4.srcs/sources_1/new/mux.vhd:47]
INFO: [Synth 8-3491] module 'unita_controllo' declared at 'C:/Users/digig/OneDrive - Università di Napoli Federico II/Desktop/ARC/ProgettoASD_2021-22-main/Esercizio 5/Cronometro_v4/Cronometro_v4/Cronometro_v4.srcs/sources_1/new/unita_controllo.vhd:36' bound to instance 'uc' of component 'unita_controllo' [C:/Users/digig/OneDrive - Università di Napoli Federico II/Desktop/ARC/ProgettoASD_2021-22-main/Esercizio 5/Cronometro_v4/Cronometro_v4/Cronometro_v4.srcs/sources_1/new/intertempi.vhd:102]
INFO: [Synth 8-638] synthesizing module 'unita_controllo' [C:/Users/digig/OneDrive - Università di Napoli Federico II/Desktop/ARC/ProgettoASD_2021-22-main/Esercizio 5/Cronometro_v4/Cronometro_v4/Cronometro_v4.srcs/sources_1/new/unita_controllo.vhd:47]
INFO: [Synth 8-226] default block is never used [C:/Users/digig/OneDrive - Università di Napoli Federico II/Desktop/ARC/ProgettoASD_2021-22-main/Esercizio 5/Cronometro_v4/Cronometro_v4/Cronometro_v4.srcs/sources_1/new/unita_controllo.vhd:72]
INFO: [Synth 8-256] done synthesizing module 'unita_controllo' (7#1) [C:/Users/digig/OneDrive - Università di Napoli Federico II/Desktop/ARC/ProgettoASD_2021-22-main/Esercizio 5/Cronometro_v4/Cronometro_v4/Cronometro_v4.srcs/sources_1/new/unita_controllo.vhd:47]
INFO: [Synth 8-3491] module 'Memoria' declared at 'C:/Users/digig/OneDrive - Università di Napoli Federico II/Desktop/ARC/ProgettoASD_2021-22-main/Esercizio 5/Cronometro_v4/Cronometro_v4/Cronometro_v4.srcs/sources_1/new/Memoria.vhd:35' bound to instance 'reg_temp' of component 'Memoria' [C:/Users/digig/OneDrive - Università di Napoli Federico II/Desktop/ARC/ProgettoASD_2021-22-main/Esercizio 5/Cronometro_v4/Cronometro_v4/Cronometro_v4.srcs/sources_1/new/intertempi.vhd:113]
INFO: [Synth 8-638] synthesizing module 'Memoria' [C:/Users/digig/OneDrive - Università di Napoli Federico II/Desktop/ARC/ProgettoASD_2021-22-main/Esercizio 5/Cronometro_v4/Cronometro_v4/Cronometro_v4.srcs/sources_1/new/Memoria.vhd:45]
WARNING: [Synth 8-614] signal 'en' is read in the process but is not in the sensitivity list [C:/Users/digig/OneDrive - Università di Napoli Federico II/Desktop/ARC/ProgettoASD_2021-22-main/Esercizio 5/Cronometro_v4/Cronometro_v4/Cronometro_v4.srcs/sources_1/new/Memoria.vhd:55]
INFO: [Synth 8-256] done synthesizing module 'Memoria' (8#1) [C:/Users/digig/OneDrive - Università di Napoli Federico II/Desktop/ARC/ProgettoASD_2021-22-main/Esercizio 5/Cronometro_v4/Cronometro_v4/Cronometro_v4.srcs/sources_1/new/Memoria.vhd:45]
INFO: [Synth 8-3491] module 'Memoria' declared at 'C:/Users/digig/OneDrive - Università di Napoli Federico II/Desktop/ARC/ProgettoASD_2021-22-main/Esercizio 5/Cronometro_v4/Cronometro_v4/Cronometro_v4.srcs/sources_1/new/Memoria.vhd:35' bound to instance 'reg_temp' of component 'Memoria' [C:/Users/digig/OneDrive - Università di Napoli Federico II/Desktop/ARC/ProgettoASD_2021-22-main/Esercizio 5/Cronometro_v4/Cronometro_v4/Cronometro_v4.srcs/sources_1/new/intertempi.vhd:113]
INFO: [Synth 8-256] done synthesizing module 'intertempi' (9#1) [C:/Users/digig/OneDrive - Università di Napoli Federico II/Desktop/ARC/ProgettoASD_2021-22-main/Esercizio 5/Cronometro_v4/Cronometro_v4/Cronometro_v4.srcs/sources_1/new/intertempi.vhd:48]
	Parameter n bound to: 1 - type: integer 
INFO: [Synth 8-3491] module 'mux' declared at 'C:/Users/digig/OneDrive - Università di Napoli Federico II/Desktop/ARC/ProgettoASD_2021-22-main/Esercizio 5/Cronometro_v4/Cronometro_v4/Cronometro_v4.srcs/sources_1/new/mux.vhd:36' bound to instance 'mux21' of component 'mux' [C:/Users/digig/OneDrive - Università di Napoli Federico II/Desktop/ARC/ProgettoASD_2021-22-main/Esercizio 5/Cronometro_v4/Cronometro_v4/Cronometro_v4.srcs/sources_1/new/cronometro_on_board.vhd:248]
INFO: [Synth 8-3491] module 'display_seven_segments' declared at 'C:/Users/digig/OneDrive - Università di Napoli Federico II/Desktop/ARC/ProgettoASD_2021-22-main/Esercizio 5/Cronometro_v4/Cronometro_v4/Cronometro_v4.srcs/sources_1/imports/Display7Seg - Vivado/display_seven_segments.vhd:32' bound to instance 'seven_segment_array' of component 'display_seven_segments' [C:/Users/digig/OneDrive - Università di Napoli Federico II/Desktop/ARC/ProgettoASD_2021-22-main/Esercizio 5/Cronometro_v4/Cronometro_v4/Cronometro_v4.srcs/sources_1/new/cronometro_on_board.vhd:255]
INFO: [Synth 8-638] synthesizing module 'display_seven_segments' [C:/Users/digig/OneDrive - Università di Napoli Federico II/Desktop/ARC/ProgettoASD_2021-22-main/Esercizio 5/Cronometro_v4/Cronometro_v4/Cronometro_v4.srcs/sources_1/imports/Display7Seg - Vivado/display_seven_segments.vhd:46]
	Parameter CLKIN_freq bound to: 100000000 - type: integer 
	Parameter CLKOUT_freq bound to: 500 - type: integer 
	Parameter CLKIN_freq bound to: 100000000 - type: integer 
	Parameter CLKOUT_freq bound to: 500 - type: integer 
INFO: [Synth 8-3491] module 'clock_filter' declared at 'C:/Users/digig/OneDrive - Università di Napoli Federico II/Desktop/ARC/ProgettoASD_2021-22-main/Esercizio 5/Cronometro_v4/Cronometro_v4/Cronometro_v4.srcs/sources_1/imports/Display7Seg - Vivado/clock_filter.vhd:32' bound to instance 'clk_filter' of component 'clock_filter' [C:/Users/digig/OneDrive - Università di Napoli Federico II/Desktop/ARC/ProgettoASD_2021-22-main/Esercizio 5/Cronometro_v4/Cronometro_v4/Cronometro_v4.srcs/sources_1/imports/Display7Seg - Vivado/display_seven_segments.vhd:94]
INFO: [Synth 8-638] synthesizing module 'clock_filter__parameterized1' [C:/Users/digig/OneDrive - Università di Napoli Federico II/Desktop/ARC/ProgettoASD_2021-22-main/Esercizio 5/Cronometro_v4/Cronometro_v4/Cronometro_v4.srcs/sources_1/imports/Display7Seg - Vivado/clock_filter.vhd:44]
	Parameter CLKIN_freq bound to: 100000000 - type: integer 
	Parameter CLKOUT_freq bound to: 500 - type: integer 
INFO: [Synth 8-256] done synthesizing module 'clock_filter__parameterized1' (9#1) [C:/Users/digig/OneDrive - Università di Napoli Federico II/Desktop/ARC/ProgettoASD_2021-22-main/Esercizio 5/Cronometro_v4/Cronometro_v4/Cronometro_v4.srcs/sources_1/imports/Display7Seg - Vivado/clock_filter.vhd:44]
INFO: [Synth 8-3491] module 'counter_mod8' declared at 'C:/Users/digig/OneDrive - Università di Napoli Federico II/Desktop/ARC/ProgettoASD_2021-22-main/Esercizio 5/Cronometro_v4/Cronometro_v4/Cronometro_v4.srcs/sources_1/imports/Display7Seg - Vivado/counter_mod4.vhd:34' bound to instance 'counter_instance' of component 'counter_mod8' [C:/Users/digig/OneDrive - Università di Napoli Federico II/Desktop/ARC/ProgettoASD_2021-22-main/Esercizio 5/Cronometro_v4/Cronometro_v4/Cronometro_v4.srcs/sources_1/imports/Display7Seg - Vivado/display_seven_segments.vhd:104]
INFO: [Synth 8-638] synthesizing module 'counter_mod8' [C:/Users/digig/OneDrive - Università di Napoli Federico II/Desktop/ARC/ProgettoASD_2021-22-main/Esercizio 5/Cronometro_v4/Cronometro_v4/Cronometro_v4.srcs/sources_1/imports/Display7Seg - Vivado/counter_mod4.vhd:41]
INFO: [Synth 8-256] done synthesizing module 'counter_mod8' (10#1) [C:/Users/digig/OneDrive - Università di Napoli Federico II/Desktop/ARC/ProgettoASD_2021-22-main/Esercizio 5/Cronometro_v4/Cronometro_v4/Cronometro_v4.srcs/sources_1/imports/Display7Seg - Vivado/counter_mod4.vhd:41]
INFO: [Synth 8-3491] module 'cathodes_manager' declared at 'C:/Users/digig/OneDrive - Università di Napoli Federico II/Desktop/ARC/ProgettoASD_2021-22-main/Esercizio 5/Cronometro_v4/Cronometro_v4/Cronometro_v4.srcs/sources_1/imports/Display7Seg - Vivado/cathodes_manager.vhd:32' bound to instance 'cathodes_instance' of component 'cathodes_manager' [C:/Users/digig/OneDrive - Università di Napoli Federico II/Desktop/ARC/ProgettoASD_2021-22-main/Esercizio 5/Cronometro_v4/Cronometro_v4/Cronometro_v4.srcs/sources_1/imports/Display7Seg - Vivado/display_seven_segments.vhd:112]
INFO: [Synth 8-638] synthesizing module 'cathodes_manager' [C:/Users/digig/OneDrive - Università di Napoli Federico II/Desktop/ARC/ProgettoASD_2021-22-main/Esercizio 5/Cronometro_v4/Cronometro_v4/Cronometro_v4.srcs/sources_1/imports/Display7Seg - Vivado/cathodes_manager.vhd:39]
INFO: [Synth 8-226] default block is never used [C:/Users/digig/OneDrive - Università di Napoli Federico II/Desktop/ARC/ProgettoASD_2021-22-main/Esercizio 5/Cronometro_v4/Cronometro_v4/Cronometro_v4.srcs/sources_1/imports/Display7Seg - Vivado/cathodes_manager.vhd:84]
WARNING: [Synth 8-614] signal 'value' is read in the process but is not in the sensitivity list [C:/Users/digig/OneDrive - Università di Napoli Federico II/Desktop/ARC/ProgettoASD_2021-22-main/Esercizio 5/Cronometro_v4/Cronometro_v4/Cronometro_v4.srcs/sources_1/imports/Display7Seg - Vivado/cathodes_manager.vhd:81]
WARNING: [Synth 8-614] signal 'dots' is read in the process but is not in the sensitivity list [C:/Users/digig/OneDrive - Università di Napoli Federico II/Desktop/ARC/ProgettoASD_2021-22-main/Esercizio 5/Cronometro_v4/Cronometro_v4/Cronometro_v4.srcs/sources_1/imports/Display7Seg - Vivado/cathodes_manager.vhd:81]
INFO: [Synth 8-226] default block is never used [C:/Users/digig/OneDrive - Università di Napoli Federico II/Desktop/ARC/ProgettoASD_2021-22-main/Esercizio 5/Cronometro_v4/Cronometro_v4/Cronometro_v4.srcs/sources_1/imports/Display7Seg - Vivado/cathodes_manager.vhd:118]
INFO: [Synth 8-256] done synthesizing module 'cathodes_manager' (11#1) [C:/Users/digig/OneDrive - Università di Napoli Federico II/Desktop/ARC/ProgettoASD_2021-22-main/Esercizio 5/Cronometro_v4/Cronometro_v4/Cronometro_v4.srcs/sources_1/imports/Display7Seg - Vivado/cathodes_manager.vhd:39]
INFO: [Synth 8-3491] module 'anodes_manager' declared at 'C:/Users/digig/OneDrive - Università di Napoli Federico II/Desktop/ARC/ProgettoASD_2021-22-main/Esercizio 5/Cronometro_v4/Cronometro_v4/Cronometro_v4.srcs/sources_1/imports/Display7Seg - Vivado/anodes_manager.vhd:32' bound to instance 'anodes_instance' of component 'anodes_manager' [C:/Users/digig/OneDrive - Università di Napoli Federico II/Desktop/ARC/ProgettoASD_2021-22-main/Esercizio 5/Cronometro_v4/Cronometro_v4/Cronometro_v4.srcs/sources_1/imports/Display7Seg - Vivado/display_seven_segments.vhd:119]
INFO: [Synth 8-638] synthesizing module 'anodes_manager' [C:/Users/digig/OneDrive - Università di Napoli Federico II/Desktop/ARC/ProgettoASD_2021-22-main/Esercizio 5/Cronometro_v4/Cronometro_v4/Cronometro_v4.srcs/sources_1/imports/Display7Seg - Vivado/anodes_manager.vhd:39]
INFO: [Synth 8-226] default block is never used [C:/Users/digig/OneDrive - Università di Napoli Federico II/Desktop/ARC/ProgettoASD_2021-22-main/Esercizio 5/Cronometro_v4/Cronometro_v4/Cronometro_v4.srcs/sources_1/imports/Display7Seg - Vivado/anodes_manager.vhd:51]
INFO: [Synth 8-256] done synthesizing module 'anodes_manager' (12#1) [C:/Users/digig/OneDrive - Università di Napoli Federico II/Desktop/ARC/ProgettoASD_2021-22-main/Esercizio 5/Cronometro_v4/Cronometro_v4/Cronometro_v4.srcs/sources_1/imports/Display7Seg - Vivado/anodes_manager.vhd:39]
INFO: [Synth 8-256] done synthesizing module 'display_seven_segments' (13#1) [C:/Users/digig/OneDrive - Università di Napoli Federico II/Desktop/ARC/ProgettoASD_2021-22-main/Esercizio 5/Cronometro_v4/Cronometro_v4/Cronometro_v4.srcs/sources_1/imports/Display7Seg - Vivado/display_seven_segments.vhd:46]
INFO: [Synth 8-256] done synthesizing module 'cronometro_on_board' (14#1) [C:/Users/digig/OneDrive - Università di Napoli Federico II/Desktop/ARC/ProgettoASD_2021-22-main/Esercizio 5/Cronometro_v4/Cronometro_v4/Cronometro_v4.srcs/sources_1/new/cronometro_on_board.vhd:52]
