#-----------------------------------------------------------
# Vivado v2019.1 (64-bit)
# SW Build 2552052 on Fri May 24 14:49:42 MDT 2019
# IP Build 2548770 on Fri May 24 18:01:18 MDT 2019
# Start of session at: Mon Feb 14 11:29:39 2022
# Process ID: 16708
# Current directory: C:/Users/digig/OneDrive - Università di Napoli Federico II/Desktop/ARC/ProgettoASD_2021-22-main/Esercizio 2/Encoder_BCD_10_3/Encoder_BCD_10_3
# Command line: vivado.exe -gui_launcher_event rodinguilauncherevent17548 C:\Users\digig\OneDrive - Università di Napoli Federico II\Desktop\ARC\ProgettoASD_2021-22-main\Esercizio 2\Encoder_BCD_10_3\Encoder_BCD_10_3\Encoder_BCD_10_3.xpr
# Log file: C:/Users/digig/OneDrive - Università di Napoli Federico II/Desktop/ARC/ProgettoASD_2021-22-main/Esercizio 2/Encoder_BCD_10_3/Encoder_BCD_10_3/vivado.log
# Journal file: C:/Users/digig/OneDrive - Università di Napoli Federico II/Desktop/ARC/ProgettoASD_2021-22-main/Esercizio 2/Encoder_BCD_10_3/Encoder_BCD_10_3\vivado.jou
#-----------------------------------------------------------
start_gui
open_project {C:/Users/digig/OneDrive - Università di Napoli Federico II/Desktop/ARC/ProgettoASD_2021-22-main/Esercizio 2/Encoder_BCD_10_3/Encoder_BCD_10_3/Encoder_BCD_10_3.xpr}
INFO: [ProjectBase 1-489] The host OS only allows 260 characters in a normal path. The project is stored in a path with more than 80 characters. If you experience issues with IP, Block Designs, or files not being found, please consider moving the project to a location with a shorter path. Alternately consider using the OS subst command to map part of the path to a drive letter.
Current project path is 'C:/Users/digig/OneDrive - Università di Napoli Federico II/Desktop/ARC/ProgettoASD_2021-22-main/Esercizio 2/Encoder_BCD_10_3/Encoder_BCD_10_3'
INFO: [Project 1-313] Project file moved from 'C:/Users/sossi/Vivado Projects/Encoder_BCD_10_3' since last save.
Scanning sources...
Finished scanning sources
WARNING: [filemgmt 56-2] Board Part Repository Path: Could not find the directory 'C:/Users/digig/OneDrive - Università di Napoli Federico II/Desktop/ARC/ProgettoASD_2021-22-main/AppData/Roaming/Xilinx/Vivado/2019.2/xhub/board_store', nor could it be found using path 'C:/Users/AppData/Roaming/Xilinx/Vivado/2019.2/xhub/board_store'.
INFO: [IP_Flow 19-234] Refreshing IP repositories
INFO: [IP_Flow 19-1704] No user IP repositories specified
INFO: [IP_Flow 19-2313] Loaded Vivado IP repository 'C:/Xilinx/Vivado/2019.1/data/ip'.
open_project: Time (s): cpu = 00:00:34 ; elapsed = 00:00:16 . Memory (MB): peak = 841.285 ; gain = 206.574
update_compile_order -fileset sources_1
exit
INFO: [Common 17-206] Exiting Vivado at Mon Feb 14 11:52:15 2022...
