
*** Running vivado
    with args -log PriorityEncoder.vds -m64 -product Vivado -mode batch -messageDb vivado.pb -notrace -source PriorityEncoder.tcl


****** Vivado v2019.1.3 (64-bit)
  **** SW Build 2644227 on Wed Sep  4 09:45:24 MDT 2019
  **** IP Build 2633630 on Wed Sep  4 12:30:14 MDT 2019
    ** Copyright 1986-2019 Xilinx, Inc. All Rights Reserved.

source PriorityEncoder.tcl -notrace
Command: synth_design -top PriorityEncoder -part xc7a100tcsg324-1
Starting synth_design
Attempting to get a license for feature 'Synthesis' and/or device 'xc7a100t'
INFO: [Common 17-349] Got license for feature 'Synthesis' and/or device 'xc7a100t'
INFO: [Device 21-403] Loading part xc7a100tcsg324-1
INFO: Launching helper process for spawning children vivado processes
INFO: Helper process launched with PID 15712 
---------------------------------------------------------------------------------
Starting RTL Elaboration : Time (s): cpu = 00:00:04 ; elapsed = 00:00:03 . Memory (MB): peak = 831.395 ; gain = 177.828
---------------------------------------------------------------------------------
INFO: [Synth 8-638] synthesizing module 'PriorityEncoder' [C:/Users/sossi/Vivado Projects/Encoder_BCD_10_3/Encoder_BCD_10_3.srcs/sources_1/new/PriorityEncoder.vhd:42]
INFO: [Synth 8-3491] module 'Arbiter' declared at 'C:/Users/sossi/Vivado Projects/Encoder_BCD_10_3/Encoder_BCD_10_3.srcs/sources_1/new/Arbiter.vhd:34' bound to instance 'A' of component 'Arbiter' [C:/Users/sossi/Vivado Projects/Encoder_BCD_10_3/Encoder_BCD_10_3.srcs/sources_1/new/PriorityEncoder.vhd:72]
INFO: [Synth 8-638] synthesizing module 'Arbiter' [C:/Users/sossi/Vivado Projects/Encoder_BCD_10_3/Encoder_BCD_10_3.srcs/sources_1/new/Arbiter.vhd:42]
INFO: [Synth 8-256] done synthesizing module 'Arbiter' (1#1) [C:/Users/sossi/Vivado Projects/Encoder_BCD_10_3/Encoder_BCD_10_3.srcs/sources_1/new/Arbiter.vhd:42]
INFO: [Synth 8-3491] module 'Encoder' declared at 'C:/Users/sossi/Vivado Projects/Encoder_BCD_10_3/Encoder_BCD_10_3.srcs/sources_1/new/Encoder.vhd:34' bound to instance 'E' of component 'Encoder' [C:/Users/sossi/Vivado Projects/Encoder_BCD_10_3/Encoder_BCD_10_3.srcs/sources_1/new/PriorityEncoder.vhd:78]
INFO: [Synth 8-638] synthesizing module 'Encoder' [C:/Users/sossi/Vivado Projects/Encoder_BCD_10_3/Encoder_BCD_10_3.srcs/sources_1/new/Encoder.vhd:41]
INFO: [Synth 8-256] done synthesizing module 'Encoder' (2#1) [C:/Users/sossi/Vivado Projects/Encoder_BCD_10_3/Encoder_BCD_10_3.srcs/sources_1/new/Encoder.vhd:41]
INFO: [Synth 8-3491] module 'display' declared at 'C:/Users/sossi/Vivado Projects/Encoder_BCD_10_3/Encoder_BCD_10_3.srcs/sources_1/new/display.vhd:34' bound to instance 'D' of component 'display' [C:/Users/sossi/Vivado Projects/Encoder_BCD_10_3/Encoder_BCD_10_3.srcs/sources_1/new/PriorityEncoder.vhd:84]
INFO: [Synth 8-638] synthesizing module 'display' [C:/Users/sossi/Vivado Projects/Encoder_BCD_10_3/Encoder_BCD_10_3.srcs/sources_1/new/display.vhd:42]
INFO: [Synth 8-226] default block is never used [C:/Users/sossi/Vivado Projects/Encoder_BCD_10_3/Encoder_BCD_10_3.srcs/sources_1/new/display.vhd:50]
INFO: [Synth 8-256] done synthesizing module 'display' (3#1) [C:/Users/sossi/Vivado Projects/Encoder_BCD_10_3/Encoder_BCD_10_3.srcs/sources_1/new/display.vhd:42]
INFO: [Synth 8-256] done synthesizing module 'PriorityEncoder' (4#1) [C:/Users/sossi/Vivado Projects/Encoder_BCD_10_3/Encoder_BCD_10_3.srcs/sources_1/new/PriorityEncoder.vhd:42]
WARNING: [Synth 8-3331] design Arbiter has unconnected port X[0]
---------------------------------------------------------------------------------
Finished RTL Elaboration : Time (s): cpu = 00:00:05 ; elapsed = 00:00:04 . Memory (MB): peak = 894.766 ; gain = 241.199
---------------------------------------------------------------------------------

Report Check Netlist: 
+------+------------------+-------+---------+-------+------------------+
|      |Item              |Errors |Warnings |Status |Description       |
+------+------------------+-------+---------+-------+------------------+
|1     |multi_driven_nets |      0|        0|Passed |Multi driven nets |
+------+------------------+-------+---------+-------+------------------+
---------------------------------------------------------------------------------
Start Handling Custom Attributes
---------------------------------------------------------------------------------
---------------------------------------------------------------------------------
Finished Handling Custom Attributes : Time (s): cpu = 00:00:05 ; elapsed = 00:00:05 . Memory (MB): peak = 894.766 ; gain = 241.199
---------------------------------------------------------------------------------
---------------------------------------------------------------------------------
Finished RTL Optimization Phase 1 : Time (s): cpu = 00:00:05 ; elapsed = 00:00:05 . Memory (MB): peak = 894.766 ; gain = 241.199
---------------------------------------------------------------------------------
INFO: [Project 1-570] Preparing netlist for logic optimization

Processing XDC Constraints
Initializing timing engine
Parsing XDC File [C:/Users/sossi/Vivado Projects/Encoder_BCD_10_3/Encoder_BCD_10_3.srcs/constrs_1/imports/digilent-xdc-master/Nexys-A7-100T-Master.xdc]
Finished Parsing XDC File [C:/Users/sossi/Vivado Projects/Encoder_BCD_10_3/Encoder_BCD_10_3.srcs/constrs_1/imports/digilent-xdc-master/Nexys-A7-100T-Master.xdc]
INFO: [Project 1-236] Implementation specific constraints were found while reading constraint file [C:/Users/sossi/Vivado Projects/Encoder_BCD_10_3/Encoder_BCD_10_3.srcs/constrs_1/imports/digilent-xdc-master/Nexys-A7-100T-Master.xdc]. These constraints will be ignored for synthesis but will be used in implementation. Impacted constraints are listed in the file [.Xil/PriorityEncoder_propImpl.xdc].
Resolution: To avoid this warning, move constraints listed in [.Xil/PriorityEncoder_propImpl.xdc] to another XDC file and exclude this new file from synthesis with the used_in_synthesis property (File Properties dialog in GUI) and re-run elaboration/synthesis.
Completed Processing XDC Constraints

Netlist sorting complete. Time (s): cpu = 00:00:00 ; elapsed = 00:00:00 . Memory (MB): peak = 979.062 ; gain = 0.000
INFO: [Project 1-111] Unisim Transformation Summary:
No Unisim elements were transformed.

Constraint Validation Runtime : Time (s): cpu = 00:00:00 ; elapsed = 00:00:00.003 . Memory (MB): peak = 979.062 ; gain = 0.000
---------------------------------------------------------------------------------
Finished Constraint Validation : Time (s): cpu = 00:00:10 ; elapsed = 00:00:10 . Memory (MB): peak = 979.062 ; gain = 325.496
---------------------------------------------------------------------------------
---------------------------------------------------------------------------------
Start Loading Part and Timing Information
---------------------------------------------------------------------------------
Loading part: xc7a100tcsg324-1
---------------------------------------------------------------------------------
Finished Loading Part and Timing Information : Time (s): cpu = 00:00:10 ; elapsed = 00:00:10 . Memory (MB): peak = 979.062 ; gain = 325.496
---------------------------------------------------------------------------------
---------------------------------------------------------------------------------
Start Applying 'set_property' XDC Constraints
---------------------------------------------------------------------------------
---------------------------------------------------------------------------------
Finished applying 'set_property' XDC Constraints : Time (s): cpu = 00:00:10 ; elapsed = 00:00:10 . Memory (MB): peak = 979.062 ; gain = 325.496
---------------------------------------------------------------------------------
---------------------------------------------------------------------------------
Finished RTL Optimization Phase 2 : Time (s): cpu = 00:00:10 ; elapsed = 00:00:10 . Memory (MB): peak = 979.062 ; gain = 325.496
---------------------------------------------------------------------------------

Report RTL Partitions: 
+-+--------------+------------+----------+
| |RTL Partition |Replication |Instances |
+-+--------------+------------+----------+
+-+--------------+------------+----------+
---------------------------------------------------------------------------------
Start RTL Component Statistics 
---------------------------------------------------------------------------------
Detailed RTL Component Info : 
+---Muxes : 
	  10 Input     10 Bit        Muxes := 1     
	  11 Input      4 Bit        Muxes := 1     
---------------------------------------------------------------------------------
Finished RTL Component Statistics 
---------------------------------------------------------------------------------
---------------------------------------------------------------------------------
Start RTL Hierarchical Component Statistics 
---------------------------------------------------------------------------------
Hierarchical RTL Component report 
Module Arbiter 
Detailed RTL Component Info : 
+---Muxes : 
	  10 Input     10 Bit        Muxes := 1     
Module Encoder 
Detailed RTL Component Info : 
+---Muxes : 
	  11 Input      4 Bit        Muxes := 1     
---------------------------------------------------------------------------------
Finished RTL Hierarchical Component Statistics
---------------------------------------------------------------------------------
---------------------------------------------------------------------------------
Start Part Resource Summary
---------------------------------------------------------------------------------
Part Resources:
DSPs: 240 (col length:80)
BRAMs: 270 (col length: RAMB18 80 RAMB36 40)
---------------------------------------------------------------------------------
Finished Part Resource Summary
---------------------------------------------------------------------------------
---------------------------------------------------------------------------------
Start Cross Boundary and Area Optimization
---------------------------------------------------------------------------------
Warning: Parallel synthesis criteria is not met 
WARNING: [Synth 8-3917] design PriorityEncoder has port AN[7] driven by constant 1
WARNING: [Synth 8-3917] design PriorityEncoder has port AN[6] driven by constant 1
WARNING: [Synth 8-3917] design PriorityEncoder has port AN[5] driven by constant 1
WARNING: [Synth 8-3917] design PriorityEncoder has port AN[4] driven by constant 1
WARNING: [Synth 8-3917] design PriorityEncoder has port AN[3] driven by constant 1
WARNING: [Synth 8-3917] design PriorityEncoder has port AN[2] driven by constant 1
WARNING: [Synth 8-3917] design PriorityEncoder has port AN[1] driven by constant 1
WARNING: [Synth 8-3917] design PriorityEncoder has port AN[0] driven by constant 0
WARNING: [Synth 8-3331] design PriorityEncoder has unconnected port X[0]
---------------------------------------------------------------------------------
Finished Cross Boundary and Area Optimization : Time (s): cpu = 00:00:11 ; elapsed = 00:00:11 . Memory (MB): peak = 979.062 ; gain = 325.496
---------------------------------------------------------------------------------

Report RTL Partitions: 
+-+--------------+------------+----------+
| |RTL Partition |Replication |Instances |
+-+--------------+------------+----------+
+-+--------------+------------+----------+
---------------------------------------------------------------------------------
Start Applying XDC Timing Constraints
---------------------------------------------------------------------------------
---------------------------------------------------------------------------------
Finished Applying XDC Timing Constraints : Time (s): cpu = 00:00:18 ; elapsed = 00:00:18 . Memory (MB): peak = 986.688 ; gain = 333.121
---------------------------------------------------------------------------------
---------------------------------------------------------------------------------
Start Timing Optimization
---------------------------------------------------------------------------------
---------------------------------------------------------------------------------
Finished Timing Optimization : Time (s): cpu = 00:00:18 ; elapsed = 00:00:18 . Memory (MB): peak = 986.762 ; gain = 333.195
---------------------------------------------------------------------------------

Report RTL Partitions: 
+-+--------------+------------+----------+
| |RTL Partition |Replication |Instances |
+-+--------------+------------+----------+
+-+--------------+------------+----------+
---------------------------------------------------------------------------------
Start Technology Mapping
---------------------------------------------------------------------------------
---------------------------------------------------------------------------------
Finished Technology Mapping : Time (s): cpu = 00:00:18 ; elapsed = 00:00:18 . Memory (MB): peak = 996.301 ; gain = 342.734
---------------------------------------------------------------------------------

Report RTL Partitions: 
+-+--------------+------------+----------+
| |RTL Partition |Replication |Instances |
+-+--------------+------------+----------+
+-+--------------+------------+----------+
---------------------------------------------------------------------------------
Start IO Insertion
---------------------------------------------------------------------------------
---------------------------------------------------------------------------------
Start Flattening Before IO Insertion
---------------------------------------------------------------------------------
---------------------------------------------------------------------------------
Finished Flattening Before IO Insertion
---------------------------------------------------------------------------------
---------------------------------------------------------------------------------
Start Final Netlist Cleanup
---------------------------------------------------------------------------------
---------------------------------------------------------------------------------
Finished Final Netlist Cleanup
---------------------------------------------------------------------------------
---------------------------------------------------------------------------------
Finished IO Insertion : Time (s): cpu = 00:00:20 ; elapsed = 00:00:20 . Memory (MB): peak = 1012.113 ; gain = 358.547
---------------------------------------------------------------------------------

Report Check Netlist: 
+------+------------------+-------+---------+-------+------------------+
|      |Item              |Errors |Warnings |Status |Description       |
+------+------------------+-------+---------+-------+------------------+
|1     |multi_driven_nets |      0|        0|Passed |Multi driven nets |
+------+------------------+-------+---------+-------+------------------+
---------------------------------------------------------------------------------
Start Renaming Generated Instances
---------------------------------------------------------------------------------
---------------------------------------------------------------------------------
Finished Renaming Generated Instances : Time (s): cpu = 00:00:20 ; elapsed = 00:00:20 . Memory (MB): peak = 1012.113 ; gain = 358.547
---------------------------------------------------------------------------------

Report RTL Partitions: 
+-+--------------+------------+----------+
| |RTL Partition |Replication |Instances |
+-+--------------+------------+----------+
+-+--------------+------------+----------+
---------------------------------------------------------------------------------
Start Rebuilding User Hierarchy
---------------------------------------------------------------------------------
---------------------------------------------------------------------------------
Finished Rebuilding User Hierarchy : Time (s): cpu = 00:00:20 ; elapsed = 00:00:20 . Memory (MB): peak = 1012.113 ; gain = 358.547
---------------------------------------------------------------------------------
---------------------------------------------------------------------------------
Start Renaming Generated Ports
---------------------------------------------------------------------------------
---------------------------------------------------------------------------------
Finished Renaming Generated Ports : Time (s): cpu = 00:00:20 ; elapsed = 00:00:20 . Memory (MB): peak = 1012.113 ; gain = 358.547
---------------------------------------------------------------------------------
---------------------------------------------------------------------------------
Start Handling Custom Attributes
---------------------------------------------------------------------------------
---------------------------------------------------------------------------------
Finished Handling Custom Attributes : Time (s): cpu = 00:00:20 ; elapsed = 00:00:20 . Memory (MB): peak = 1012.113 ; gain = 358.547
---------------------------------------------------------------------------------
---------------------------------------------------------------------------------
Start Renaming Generated Nets
---------------------------------------------------------------------------------
---------------------------------------------------------------------------------
Finished Renaming Generated Nets : Time (s): cpu = 00:00:20 ; elapsed = 00:00:20 . Memory (MB): peak = 1012.113 ; gain = 358.547
---------------------------------------------------------------------------------
---------------------------------------------------------------------------------
Start Writing Synthesis Report
---------------------------------------------------------------------------------

Report BlackBoxes: 
+-+--------------+----------+
| |BlackBox name |Instances |
+-+--------------+----------+
+-+--------------+----------+

Report Cell Usage: 
+------+-----+------+
|      |Cell |Count |
+------+-----+------+
|1     |LUT3 |     1|
|2     |LUT4 |     2|
|3     |LUT5 |     5|
|4     |LUT6 |     3|
|5     |IBUF |     9|
|6     |OBUF |    16|
+------+-----+------+

Report Instance Areas: 
+------+---------+-------+------+
|      |Instance |Module |Cells |
+------+---------+-------+------+
|1     |top      |       |    36|
+------+---------+-------+------+
---------------------------------------------------------------------------------
Finished Writing Synthesis Report : Time (s): cpu = 00:00:20 ; elapsed = 00:00:20 . Memory (MB): peak = 1012.113 ; gain = 358.547
---------------------------------------------------------------------------------
Synthesis finished with 0 errors, 0 critical warnings and 9 warnings.
Synthesis Optimization Runtime : Time (s): cpu = 00:00:13 ; elapsed = 00:00:18 . Memory (MB): peak = 1012.113 ; gain = 274.250
Synthesis Optimization Complete : Time (s): cpu = 00:00:20 ; elapsed = 00:00:20 . Memory (MB): peak = 1012.113 ; gain = 358.547
INFO: [Project 1-571] Translating synthesized netlist
INFO: [Project 1-570] Preparing netlist for logic optimization
INFO: [Opt 31-138] Pushed 0 inverter(s) to 0 load pin(s).
Netlist sorting complete. Time (s): cpu = 00:00:00 ; elapsed = 00:00:00 . Memory (MB): peak = 1034.516 ; gain = 0.000
INFO: [Project 1-111] Unisim Transformation Summary:
No Unisim elements were transformed.

INFO: [Common 17-83] Releasing license: Synthesis
22 Infos, 10 Warnings, 0 Critical Warnings and 0 Errors encountered.
synth_design completed successfully
synth_design: Time (s): cpu = 00:00:25 ; elapsed = 00:00:27 . Memory (MB): peak = 1034.516 ; gain = 655.242
Netlist sorting complete. Time (s): cpu = 00:00:00 ; elapsed = 00:00:00 . Memory (MB): peak = 1034.516 ; gain = 0.000
WARNING: [Constraints 18-5210] No constraints selected for write.
Resolution: This message can indicate that there are no constraints for the design, or it can indicate that the used_in flags are set such that the constraints are ignored. This later case is used when running synth_design to not write synthesis constraints to the resulting checkpoint. Instead, project constraints are read when the synthesized design is opened.
INFO: [Common 17-1381] The checkpoint 'C:/Users/sossi/Vivado Projects/Encoder_BCD_10_3/Encoder_BCD_10_3.runs/synth_1/PriorityEncoder.dcp' has been generated.
INFO: [runtcl-4] Executing : report_utilization -file PriorityEncoder_utilization_synth.rpt -pb PriorityEncoder_utilization_synth.pb
INFO: [Common 17-206] Exiting Vivado at Sat Nov  6 12:46:06 2021...
