#-----------------------------------------------------------
# Vivado v2019.1 (64-bit)
# SW Build 2552052 on Fri May 24 14:49:42 MDT 2019
# IP Build 2548770 on Fri May 24 18:01:18 MDT 2019
# Start of session at: Wed Feb 23 08:21:11 2022
# Process ID: 15168
# Current directory: C:/Users/digig/Desktop/Esame_ASD_GiulianoDiGiuseppe_M63001322/ESAME_ASD_GDG
# Command line: vivado.exe -gui_launcher_event rodinguilauncherevent7980 C:\Users\digig\Desktop\Esame_ASD_GiulianoDiGiuseppe_M63001322\ESAME_ASD_GDG\ESAME_ASD_GDG.xpr
# Log file: C:/Users/digig/Desktop/Esame_ASD_GiulianoDiGiuseppe_M63001322/ESAME_ASD_GDG/vivado.log
# Journal file: C:/Users/digig/Desktop/Esame_ASD_GiulianoDiGiuseppe_M63001322/ESAME_ASD_GDG\vivado.jou
#-----------------------------------------------------------
start_gui
open_project C:/Users/digig/Desktop/Esame_ASD_GiulianoDiGiuseppe_M63001322/ESAME_ASD_GDG/ESAME_ASD_GDG.xpr
INFO: [Project 1-313] Project file moved from 'C:/Users/digig/Downloads/ESAME_ASD_GDG/ESAME_ASD_GDG' since last save.
CRITICAL WARNING: [Project 1-311] Could not find the file 'C:/Users/digig/Desktop/Esame_ASD_GiulianoDiGiuseppe_M63001322/ASDi_GiulianoDiGiuseppe/TB1_behav.wcfg', nor could it be found using path 'C:/Users/digig/Downloads/ESAME_ASD_GDG/ASDi_GiulianoDiGiuseppe/TB1_behav.wcfg'.
Scanning sources...
Finished scanning sources
INFO: [IP_Flow 19-234] Refreshing IP repositories
INFO: [IP_Flow 19-1704] No user IP repositories specified
INFO: [IP_Flow 19-2313] Loaded Vivado IP repository 'C:/Xilinx/Vivado/2019.1/data/ip'.
open_project: Time (s): cpu = 00:00:27 ; elapsed = 00:00:19 . Memory (MB): peak = 884.469 ; gain = 18.207
update_compile_order -fileset sources_1
exit
INFO: [Common 17-206] Exiting Vivado at Wed Feb 23 11:33:41 2022...
