#-----------------------------------------------------------
# Vivado v2019.1.3 (64-bit)
# SW Build 2644227 on Wed Sep  4 09:45:24 MDT 2019
# IP Build 2633630 on Wed Sep  4 12:30:14 MDT 2019
# Start of session at: Sat Feb 19 08:40:29 2022
# Process ID: 24768
# Current directory: C:/Users/digig/OneDrive - Università di Napoli Federico II/Desktop/ARC/ProgettoASD_2021-22-main/Esercizio 11/Moltiplicatore_Robertson/Moltiplicatore_Robertson
# Command line: vivado.exe -gui_launcher_event rodinguilauncherevent20428 C:\Users\digig\OneDrive - Università di Napoli Federico II\Desktop\ARC\ProgettoASD_2021-22-main\Esercizio 11\Moltiplicatore_Robertson\Moltiplicatore_Robertson\Moltiplicatore_Robertson.xpr
# Log file: C:/Users/digig/OneDrive - Università di Napoli Federico II/Desktop/ARC/ProgettoASD_2021-22-main/Esercizio 11/Moltiplicatore_Robertson/Moltiplicatore_Robertson/vivado.log
# Journal file: C:/Users/digig/OneDrive - Università di Napoli Federico II/Desktop/ARC/ProgettoASD_2021-22-main/Esercizio 11/Moltiplicatore_Robertson/Moltiplicatore_Robertson\vivado.jou
#-----------------------------------------------------------
start_gui
open_project {C:/Users/digig/OneDrive - Università di Napoli Federico II/Desktop/ARC/ProgettoASD_2021-22-main/Esercizio 11/Moltiplicatore_Robertson/Moltiplicatore_Robertson/Moltiplicatore_Robertson.xpr}
INFO: [ProjectBase 1-489] The host OS only allows 260 characters in a normal path. The project is stored in a path with more than 80 characters. If you experience issues with IP, Block Designs, or files not being found, please consider moving the project to a location with a shorter path. Alternately consider using the OS subst command to map part of the path to a drive letter.
Current project path is 'C:/Users/digig/OneDrive - Università di Napoli Federico II/Desktop/ARC/ProgettoASD_2021-22-main/Esercizio 11/Moltiplicatore_Robertson/Moltiplicatore_Robertson'
INFO: [Project 1-313] Project file moved from 'C:/Users/giuse/Desktop/ProgettoASD_2021-22/Esercizio 11/Moltiplicatore_Robertson' since last save.
Scanning sources...
Finished scanning sources
INFO: [IP_Flow 19-234] Refreshing IP repositories
INFO: [IP_Flow 19-1704] No user IP repositories specified
INFO: [IP_Flow 19-2313] Loaded Vivado IP repository 'C:/Xilinx/Vivado/2019.1/data/ip'.
open_project: Time (s): cpu = 00:00:11 ; elapsed = 00:00:09 . Memory (MB): peak = 797.574 ; gain = 152.352
update_compile_order -fileset sources_1
set_property top unita_operativa [current_fileset]
update_compile_order -fileset sources_1
synth_design -rtl -name rtl_1
Command: synth_design -rtl -name rtl_1
Starting synth_design
Using part: xc7a100tcsg324-1
Top: unita_operativa
INFO: [Device 21-403] Loading part xc7a100tcsg324-1
---------------------------------------------------------------------------------
Starting RTL Elaboration : Time (s): cpu = 00:00:03 ; elapsed = 00:00:03 . Memory (MB): peak = 1255.957 ; gain = 170.125
---------------------------------------------------------------------------------
INFO: [Synth 8-638] synthesizing module 'unita_operativa' [C:/Users/digig/OneDrive - Università di Napoli Federico II/Desktop/ARC/ProgettoASD_2021-22-main/Esercizio 11/Moltiplicatore_Robertson/Moltiplicatore_Robertson/Moltiplicatore_Robertson.srcs/sources_1/imports/RobertsonMultiplier/unita_operativa.vhd:13]
INFO: [Synth 8-3491] module 'registro8' declared at 'C:/Users/digig/OneDrive - Università di Napoli Federico II/Desktop/ARC/ProgettoASD_2021-22-main/Esercizio 11/Moltiplicatore_Robertson/Moltiplicatore_Robertson/Moltiplicatore_Robertson.srcs/sources_1/imports/RobertsonMultiplier/registro8.vhd:4' bound to instance 'M' of component 'registro8' [C:/Users/digig/OneDrive - Università di Napoli Federico II/Desktop/ARC/ProgettoASD_2021-22-main/Esercizio 11/Moltiplicatore_Robertson/Moltiplicatore_Robertson/Moltiplicatore_Robertson.srcs/sources_1/imports/RobertsonMultiplier/unita_operativa.vhd:68]
INFO: [Synth 8-638] synthesizing module 'registro8' [C:/Users/digig/OneDrive - Università di Napoli Federico II/Desktop/ARC/ProgettoASD_2021-22-main/Esercizio 11/Moltiplicatore_Robertson/Moltiplicatore_Robertson/Moltiplicatore_Robertson.srcs/sources_1/imports/RobertsonMultiplier/registro8.vhd:10]
WARNING: [Synth 8-614] signal 'en' is read in the process but is not in the sensitivity list [C:/Users/digig/OneDrive - Università di Napoli Federico II/Desktop/ARC/ProgettoASD_2021-22-main/Esercizio 11/Moltiplicatore_Robertson/Moltiplicatore_Robertson/Moltiplicatore_Robertson.srcs/sources_1/imports/RobertsonMultiplier/registro8.vhd:14]
INFO: [Synth 8-256] done synthesizing module 'registro8' (1#1) [C:/Users/digig/OneDrive - Università di Napoli Federico II/Desktop/ARC/ProgettoASD_2021-22-main/Esercizio 11/Moltiplicatore_Robertson/Moltiplicatore_Robertson/Moltiplicatore_Robertson.srcs/sources_1/imports/RobertsonMultiplier/registro8.vhd:10]
INFO: [Synth 8-3491] module 'mux_21' declared at 'C:/Users/digig/OneDrive - Università di Napoli Federico II/Desktop/ARC/ProgettoASD_2021-22-main/Esercizio 11/Moltiplicatore_Robertson/Moltiplicatore_Robertson/Moltiplicatore_Robertson.srcs/sources_1/imports/RobertsonMultiplier/mux_21.vhd:5' bound to instance 'MUX' of component 'mux_21' [C:/Users/digig/OneDrive - Università di Napoli Federico II/Desktop/ARC/ProgettoASD_2021-22-main/Esercizio 11/Moltiplicatore_Robertson/Moltiplicatore_Robertson/Moltiplicatore_Robertson.srcs/sources_1/imports/RobertsonMultiplier/unita_operativa.vhd:69]
INFO: [Synth 8-638] synthesizing module 'mux_21' [C:/Users/digig/OneDrive - Università di Napoli Federico II/Desktop/ARC/ProgettoASD_2021-22-main/Esercizio 11/Moltiplicatore_Robertson/Moltiplicatore_Robertson/Moltiplicatore_Robertson.srcs/sources_1/imports/RobertsonMultiplier/mux_21.vhd:11]
INFO: [Synth 8-256] done synthesizing module 'mux_21' (2#1) [C:/Users/digig/OneDrive - Università di Napoli Federico II/Desktop/ARC/ProgettoASD_2021-22-main/Esercizio 11/Moltiplicatore_Robertson/Moltiplicatore_Robertson/Moltiplicatore_Robertson.srcs/sources_1/imports/RobertsonMultiplier/mux_21.vhd:11]
INFO: [Synth 8-3491] module 'shif_register' declared at 'C:/Users/digig/OneDrive - Università di Napoli Federico II/Desktop/ARC/ProgettoASD_2021-22-main/Esercizio 11/Moltiplicatore_Robertson/Moltiplicatore_Robertson/Moltiplicatore_Robertson.srcs/sources_1/imports/RobertsonMultiplier/shift_register.vhd:4' bound to instance 'SR' of component 'shif_register' [C:/Users/digig/OneDrive - Università di Napoli Federico II/Desktop/ARC/ProgettoASD_2021-22-main/Esercizio 11/Moltiplicatore_Robertson/Moltiplicatore_Robertson/Moltiplicatore_Robertson.srcs/sources_1/imports/RobertsonMultiplier/unita_operativa.vhd:72]
INFO: [Synth 8-638] synthesizing module 'shif_register' [C:/Users/digig/OneDrive - Università di Napoli Federico II/Desktop/ARC/ProgettoASD_2021-22-main/Esercizio 11/Moltiplicatore_Robertson/Moltiplicatore_Robertson/Moltiplicatore_Robertson.srcs/sources_1/imports/RobertsonMultiplier/shift_register.vhd:12]
WARNING: [Synth 8-614] signal 'en' is read in the process but is not in the sensitivity list [C:/Users/digig/OneDrive - Università di Napoli Federico II/Desktop/ARC/ProgettoASD_2021-22-main/Esercizio 11/Moltiplicatore_Robertson/Moltiplicatore_Robertson/Moltiplicatore_Robertson.srcs/sources_1/imports/RobertsonMultiplier/shift_register.vhd:18]
INFO: [Synth 8-256] done synthesizing module 'shif_register' (3#1) [C:/Users/digig/OneDrive - Università di Napoli Federico II/Desktop/ARC/ProgettoASD_2021-22-main/Esercizio 11/Moltiplicatore_Robertson/Moltiplicatore_Robertson/Moltiplicatore_Robertson.srcs/sources_1/imports/RobertsonMultiplier/shift_register.vhd:12]
INFO: [Synth 8-3491] module 'FFD' declared at 'C:/Users/digig/OneDrive - Università di Napoli Federico II/Desktop/ARC/ProgettoASD_2021-22-main/Esercizio 11/Moltiplicatore_Robertson/Moltiplicatore_Robertson/Moltiplicatore_Robertson.srcs/sources_1/imports/RobertsonMultiplier/FFD.vhd:4' bound to instance 'D' of component 'FFD' [C:/Users/digig/OneDrive - Università di Napoli Federico II/Desktop/ARC/ProgettoASD_2021-22-main/Esercizio 11/Moltiplicatore_Robertson/Moltiplicatore_Robertson/Moltiplicatore_Robertson.srcs/sources_1/imports/RobertsonMultiplier/unita_operativa.vhd:74]
INFO: [Synth 8-638] synthesizing module 'FFD' [C:/Users/digig/OneDrive - Università di Napoli Federico II/Desktop/ARC/ProgettoASD_2021-22-main/Esercizio 11/Moltiplicatore_Robertson/Moltiplicatore_Robertson/Moltiplicatore_Robertson.srcs/sources_1/imports/RobertsonMultiplier/FFD.vhd:9]
WARNING: [Synth 8-614] signal 'en' is read in the process but is not in the sensitivity list [C:/Users/digig/OneDrive - Università di Napoli Federico II/Desktop/ARC/ProgettoASD_2021-22-main/Esercizio 11/Moltiplicatore_Robertson/Moltiplicatore_Robertson/Moltiplicatore_Robertson.srcs/sources_1/imports/RobertsonMultiplier/FFD.vhd:13]
INFO: [Synth 8-256] done synthesizing module 'FFD' (4#1) [C:/Users/digig/OneDrive - Università di Napoli Federico II/Desktop/ARC/ProgettoASD_2021-22-main/Esercizio 11/Moltiplicatore_Robertson/Moltiplicatore_Robertson/Moltiplicatore_Robertson.srcs/sources_1/imports/RobertsonMultiplier/FFD.vhd:9]
INFO: [Synth 8-3491] module 'adder_sub' declared at 'C:/Users/digig/OneDrive - Università di Napoli Federico II/Desktop/ARC/ProgettoASD_2021-22-main/Esercizio 11/Moltiplicatore_Robertson/Moltiplicatore_Robertson/Moltiplicatore_Robertson.srcs/sources_1/imports/RobertsonMultiplier/adder_sub.vhd:4' bound to instance 'ADD_SUB' of component 'adder_sub' [C:/Users/digig/OneDrive - Università di Napoli Federico II/Desktop/ARC/ProgettoASD_2021-22-main/Esercizio 11/Moltiplicatore_Robertson/Moltiplicatore_Robertson/Moltiplicatore_Robertson.srcs/sources_1/imports/RobertsonMultiplier/unita_operativa.vhd:75]
INFO: [Synth 8-638] synthesizing module 'adder_sub' [C:/Users/digig/OneDrive - Università di Napoli Federico II/Desktop/ARC/ProgettoASD_2021-22-main/Esercizio 11/Moltiplicatore_Robertson/Moltiplicatore_Robertson/Moltiplicatore_Robertson.srcs/sources_1/imports/RobertsonMultiplier/adder_sub.vhd:11]
INFO: [Synth 8-3491] module 'ripple_carry' declared at 'C:/Users/digig/OneDrive - Università di Napoli Federico II/Desktop/ARC/ProgettoASD_2021-22-main/Esercizio 11/Moltiplicatore_Robertson/Moltiplicatore_Robertson/Moltiplicatore_Robertson.srcs/sources_1/imports/RobertsonMultiplier/ripple_carry.vhd:4' bound to instance 'RA' of component 'ripple_carry' [C:/Users/digig/OneDrive - Università di Napoli Federico II/Desktop/ARC/ProgettoASD_2021-22-main/Esercizio 11/Moltiplicatore_Robertson/Moltiplicatore_Robertson/Moltiplicatore_Robertson.srcs/sources_1/imports/RobertsonMultiplier/adder_sub.vhd:27]
INFO: [Synth 8-638] synthesizing module 'ripple_carry' [C:/Users/digig/OneDrive - Università di Napoli Federico II/Desktop/ARC/ProgettoASD_2021-22-main/Esercizio 11/Moltiplicatore_Robertson/Moltiplicatore_Robertson/Moltiplicatore_Robertson.srcs/sources_1/imports/RobertsonMultiplier/ripple_carry.vhd:11]
INFO: [Synth 8-3491] module 'full_adder' declared at 'C:/Users/digig/OneDrive - Università di Napoli Federico II/Desktop/ARC/ProgettoASD_2021-22-main/Esercizio 11/Moltiplicatore_Robertson/Moltiplicatore_Robertson/Moltiplicatore_Robertson.srcs/sources_1/imports/RobertsonMultiplier/full_adder.vhd:4' bound to instance 'RA0' of component 'full_adder' [C:/Users/digig/OneDrive - Università di Napoli Federico II/Desktop/ARC/ProgettoASD_2021-22-main/Esercizio 11/Moltiplicatore_Robertson/Moltiplicatore_Robertson/Moltiplicatore_Robertson.srcs/sources_1/imports/RobertsonMultiplier/ripple_carry.vhd:23]
INFO: [Synth 8-638] synthesizing module 'full_adder' [C:/Users/digig/OneDrive - Università di Napoli Federico II/Desktop/ARC/ProgettoASD_2021-22-main/Esercizio 11/Moltiplicatore_Robertson/Moltiplicatore_Robertson/Moltiplicatore_Robertson.srcs/sources_1/imports/RobertsonMultiplier/full_adder.vhd:12]
INFO: [Synth 8-256] done synthesizing module 'full_adder' (5#1) [C:/Users/digig/OneDrive - Università di Napoli Federico II/Desktop/ARC/ProgettoASD_2021-22-main/Esercizio 11/Moltiplicatore_Robertson/Moltiplicatore_Robertson/Moltiplicatore_Robertson.srcs/sources_1/imports/RobertsonMultiplier/full_adder.vhd:12]
INFO: [Synth 8-3491] module 'full_adder' declared at 'C:/Users/digig/OneDrive - Università di Napoli Federico II/Desktop/ARC/ProgettoASD_2021-22-main/Esercizio 11/Moltiplicatore_Robertson/Moltiplicatore_Robertson/Moltiplicatore_Robertson.srcs/sources_1/imports/RobertsonMultiplier/full_adder.vhd:4' bound to instance 'RA' of component 'full_adder' [C:/Users/digig/OneDrive - Università di Napoli Federico II/Desktop/ARC/ProgettoASD_2021-22-main/Esercizio 11/Moltiplicatore_Robertson/Moltiplicatore_Robertson/Moltiplicatore_Robertson.srcs/sources_1/imports/RobertsonMultiplier/ripple_carry.vhd:26]
INFO: [Synth 8-3491] module 'full_adder' declared at 'C:/Users/digig/OneDrive - Università di Napoli Federico II/Desktop/ARC/ProgettoASD_2021-22-main/Esercizio 11/Moltiplicatore_Robertson/Moltiplicatore_Robertson/Moltiplicatore_Robertson.srcs/sources_1/imports/RobertsonMultiplier/full_adder.vhd:4' bound to instance 'RA' of component 'full_adder' [C:/Users/digig/OneDrive - Università di Napoli Federico II/Desktop/ARC/ProgettoASD_2021-22-main/Esercizio 11/Moltiplicatore_Robertson/Moltiplicatore_Robertson/Moltiplicatore_Robertson.srcs/sources_1/imports/RobertsonMultiplier/ripple_carry.vhd:26]
INFO: [Synth 8-3491] module 'full_adder' declared at 'C:/Users/digig/OneDrive - Università di Napoli Federico II/Desktop/ARC/ProgettoASD_2021-22-main/Esercizio 11/Moltiplicatore_Robertson/Moltiplicatore_Robertson/Moltiplicatore_Robertson.srcs/sources_1/imports/RobertsonMultiplier/full_adder.vhd:4' bound to instance 'RA' of component 'full_adder' [C:/Users/digig/OneDrive - Università di Napoli Federico II/Desktop/ARC/ProgettoASD_2021-22-main/Esercizio 11/Moltiplicatore_Robertson/Moltiplicatore_Robertson/Moltiplicatore_Robertson.srcs/sources_1/imports/RobertsonMultiplier/ripple_carry.vhd:26]
INFO: [Synth 8-3491] module 'full_adder' declared at 'C:/Users/digig/OneDrive - Università di Napoli Federico II/Desktop/ARC/ProgettoASD_2021-22-main/Esercizio 11/Moltiplicatore_Robertson/Moltiplicatore_Robertson/Moltiplicatore_Robertson.srcs/sources_1/imports/RobertsonMultiplier/full_adder.vhd:4' bound to instance 'RA' of component 'full_adder' [C:/Users/digig/OneDrive - Università di Napoli Federico II/Desktop/ARC/ProgettoASD_2021-22-main/Esercizio 11/Moltiplicatore_Robertson/Moltiplicatore_Robertson/Moltiplicatore_Robertson.srcs/sources_1/imports/RobertsonMultiplier/ripple_carry.vhd:26]
INFO: [Synth 8-3491] module 'full_adder' declared at 'C:/Users/digig/OneDrive - Università di Napoli Federico II/Desktop/ARC/ProgettoASD_2021-22-main/Esercizio 11/Moltiplicatore_Robertson/Moltiplicatore_Robertson/Moltiplicatore_Robertson.srcs/sources_1/imports/RobertsonMultiplier/full_adder.vhd:4' bound to instance 'RA' of component 'full_adder' [C:/Users/digig/OneDrive - Università di Napoli Federico II/Desktop/ARC/ProgettoASD_2021-22-main/Esercizio 11/Moltiplicatore_Robertson/Moltiplicatore_Robertson/Moltiplicatore_Robertson.srcs/sources_1/imports/RobertsonMultiplier/ripple_carry.vhd:26]
INFO: [Synth 8-3491] module 'full_adder' declared at 'C:/Users/digig/OneDrive - Università di Napoli Federico II/Desktop/ARC/ProgettoASD_2021-22-main/Esercizio 11/Moltiplicatore_Robertson/Moltiplicatore_Robertson/Moltiplicatore_Robertson.srcs/sources_1/imports/RobertsonMultiplier/full_adder.vhd:4' bound to instance 'RA' of component 'full_adder' [C:/Users/digig/OneDrive - Università di Napoli Federico II/Desktop/ARC/ProgettoASD_2021-22-main/Esercizio 11/Moltiplicatore_Robertson/Moltiplicatore_Robertson/Moltiplicatore_Robertson.srcs/sources_1/imports/RobertsonMultiplier/ripple_carry.vhd:26]
INFO: [Synth 8-3491] module 'full_adder' declared at 'C:/Users/digig/OneDrive - Università di Napoli Federico II/Desktop/ARC/ProgettoASD_2021-22-main/Esercizio 11/Moltiplicatore_Robertson/Moltiplicatore_Robertson/Moltiplicatore_Robertson.srcs/sources_1/imports/RobertsonMultiplier/full_adder.vhd:4' bound to instance 'RA7' of component 'full_adder' [C:/Users/digig/OneDrive - Università di Napoli Federico II/Desktop/ARC/ProgettoASD_2021-22-main/Esercizio 11/Moltiplicatore_Robertson/Moltiplicatore_Robertson/Moltiplicatore_Robertson.srcs/sources_1/imports/RobertsonMultiplier/ripple_carry.vhd:29]
INFO: [Synth 8-256] done synthesizing module 'ripple_carry' (6#1) [C:/Users/digig/OneDrive - Università di Napoli Federico II/Desktop/ARC/ProgettoASD_2021-22-main/Esercizio 11/Moltiplicatore_Robertson/Moltiplicatore_Robertson/Moltiplicatore_Robertson.srcs/sources_1/imports/RobertsonMultiplier/ripple_carry.vhd:11]
INFO: [Synth 8-256] done synthesizing module 'adder_sub' (7#1) [C:/Users/digig/OneDrive - Università di Napoli Federico II/Desktop/ARC/ProgettoASD_2021-22-main/Esercizio 11/Moltiplicatore_Robertson/Moltiplicatore_Robertson/Moltiplicatore_Robertson.srcs/sources_1/imports/RobertsonMultiplier/adder_sub.vhd:11]
INFO: [Synth 8-3491] module 'cont_mod8' declared at 'C:/Users/digig/OneDrive - Università di Napoli Federico II/Desktop/ARC/ProgettoASD_2021-22-main/Esercizio 11/Moltiplicatore_Robertson/Moltiplicatore_Robertson/Moltiplicatore_Robertson.srcs/sources_1/imports/RobertsonMultiplier/cont_mod8.vhd:5' bound to instance 'CONT' of component 'cont_mod8' [C:/Users/digig/OneDrive - Università di Napoli Federico II/Desktop/ARC/ProgettoASD_2021-22-main/Esercizio 11/Moltiplicatore_Robertson/Moltiplicatore_Robertson/Moltiplicatore_Robertson.srcs/sources_1/imports/RobertsonMultiplier/unita_operativa.vhd:76]
INFO: [Synth 8-638] synthesizing module 'cont_mod8' [C:/Users/digig/OneDrive - Università di Napoli Federico II/Desktop/ARC/ProgettoASD_2021-22-main/Esercizio 11/Moltiplicatore_Robertson/Moltiplicatore_Robertson/Moltiplicatore_Robertson.srcs/sources_1/imports/RobertsonMultiplier/cont_mod8.vhd:12]
INFO: [Synth 8-256] done synthesizing module 'cont_mod8' (8#1) [C:/Users/digig/OneDrive - Università di Napoli Federico II/Desktop/ARC/ProgettoASD_2021-22-main/Esercizio 11/Moltiplicatore_Robertson/Moltiplicatore_Robertson/Moltiplicatore_Robertson.srcs/sources_1/imports/RobertsonMultiplier/cont_mod8.vhd:12]
INFO: [Synth 8-256] done synthesizing module 'unita_operativa' (9#1) [C:/Users/digig/OneDrive - Università di Napoli Federico II/Desktop/ARC/ProgettoASD_2021-22-main/Esercizio 11/Moltiplicatore_Robertson/Moltiplicatore_Robertson/Moltiplicatore_Robertson.srcs/sources_1/imports/RobertsonMultiplier/unita_operativa.vhd:13]
[Synth 8-3491] module 'full_adder' declared at 'C:/Users/digig/OneDrive - Università di Napoli Federico II/Desktop/ARC/ProgettoASD_2021-22-main/Esercizio 11/Moltiplicatore_Robertson/Moltiplicatore_Robertson/Moltiplicatore_Robertson.srcs/sources_1/imports/RobertsonMultiplier/full_adder.vhd:4' bound to instance 'RA7' of component 'full_adder' [C:/Users/digig/OneDrive - Università di Napoli Federico II/Desktop/ARC/ProgettoASD_2021-22-main/Esercizio 11/Moltiplicatore_Robertson/Moltiplicatore_Robertson/Moltiplicatore_Robertson.srcs/sources_1/imports/RobertsonMultiplier/ripple_carry.vhd:29]
INFO: [Synth 8-256] done synthesizing module 'ripple_carry' (7#1) [C:/Users/digig/OneDrive - Università di Napoli Federico II/Desktop/ARC/ProgettoASD_2021-22-main/Esercizio 11/Moltiplicatore_Robertson/Moltiplicatore_Robertson/Moltiplicatore_Robertson.srcs/sources_1/imports/RobertsonMultiplier/ripple_carry.vhd:11]
INFO: [Synth 8-256] done synthesizing module 'adder_sub' (8#1) [C:/Users/digig/OneDrive - Università di Napoli Federico II/Desktop/ARC/ProgettoASD_2021-22-main/Esercizio 11/Moltiplicatore_Robertson/Moltiplicatore_Robertson/Moltiplicatore_Robertson.srcs/sources_1/imports/RobertsonMultiplier/adder_sub.vhd:11]
INFO: [Synth 8-3491] module 'cont_mod8' declared at 'C:/Users/digig/OneDrive - Università di Napoli Federico II/Desktop/ARC/ProgettoASD_2021-22-main/Esercizio 11/Moltiplicatore_Robertson/Moltiplicatore_Robertson/Moltiplicatore_Robertson.srcs/sources_1/imports/RobertsonMultiplier/cont_mod8.vhd:5' bound to instance 'CONT' of component 'cont_mod8' [C:/Users/digig/OneDrive - Università di Napoli Federico II/Desktop/ARC/ProgettoASD_2021-22-main/Esercizio 11/Moltiplicatore_Robertson/Moltiplicatore_Robertson/Moltiplicatore_Robertson.srcs/sources_1/imports/RobertsonMultiplier/unita_operativa.vhd:76]
INFO: [Synth 8-638] synthesizing module 'cont_mod8' [C:/Users/digig/OneDrive - Università di Napoli Federico II/Desktop/ARC/ProgettoASD_2021-22-main/Esercizio 11/Moltiplicatore_Robertson/Moltiplicatore_Robertson/Moltiplicatore_Robertson.srcs/sources_1/imports/RobertsonMultiplier/cont_mod8.vhd:12]
INFO: [Synth 8-256] done synthesizing module 'cont_mod8' (9#1) [C:/Users/digig/OneDrive - Università di Napoli Federico II/Desktop/ARC/ProgettoASD_2021-22-main/Esercizio 11/Moltiplicatore_Robertson/Moltiplicatore_Robertson/Moltiplicatore_Robertson.srcs/sources_1/imports/RobertsonMultiplier/cont_mod8.vhd:12]
INFO: [Synth 8-256] done synthesizing module 'unita_operativa' (10#1) [C:/Users/digig/OneDrive - Università di Napoli Federico II/Desktop/ARC/ProgettoASD_2021-22-main/Esercizio 11/Moltiplicatore_Robertson/Moltiplicatore_Robertson/Moltiplicatore_Robertson.srcs/sources_1/imports/RobertsonMultiplier/unita_operativa.vhd:13]
INFO: [Synth 8-256] done synthesizing module 'Robertson' (11#1) [C:/Users/digig/OneDrive - Università di Napoli Federico II/Desktop/ARC/ProgettoASD_2021-22-main/Esercizio 11/Moltiplicatore_Robertson/Moltiplicatore_Robertson/Moltiplicatore_Robertson.srcs/sources_1/imports/RobertsonMultiplier/Robertson.vhd:13]
