#-----------------------------------------------------------
# Vivado v2019.1.3 (64-bit)
# SW Build 2644227 on Wed Sep  4 09:45:24 MDT 2019
# IP Build 2633630 on Wed Sep  4 12:30:14 MDT 2019
# Start of session at: Sat Feb 19 09:01:03 2022
# Process ID: 11456
# Current directory: C:/Users/digig/OneDrive - Università di Napoli Federico II/Desktop/ARC/ProgettoASD_2021-22-main/Esercizio 11/Moltiplicatore_Robertson/Moltiplicatore_Robertson
# Command line: vivado.exe -gui_launcher_event rodinguilauncherevent26264 C:\Users\digig\OneDrive - Università di Napoli Federico II\Desktop\ARC\ProgettoASD_2021-22-main\Esercizio 11\Moltiplicatore_Robertson\Moltiplicatore_Robertson\Moltiplicatore_Robertson.xpr
# Log file: C:/Users/digig/OneDrive - Università di Napoli Federico II/Desktop/ARC/ProgettoASD_2021-22-main/Esercizio 11/Moltiplicatore_Robertson/Moltiplicatore_Robertson/vivado.log
# Journal file: C:/Users/digig/OneDrive - Università di Napoli Federico II/Desktop/ARC/ProgettoASD_2021-22-main/Esercizio 11/Moltiplicatore_Robertson/Moltiplicatore_Robertson\vivado.jou
#-----------------------------------------------------------
start_gui
open_project {C:/Users/digig/OneDrive - Università di Napoli Federico II/Desktop/ARC/ProgettoASD_2021-22-main/Esercizio 11/Moltiplicatore_Robertson/Moltiplicatore_Robertson/Moltiplicatore_Robertson.xpr}
INFO: [ProjectBase 1-489] The host OS only allows 260 characters in a normal path. The project is stored in a path with more than 80 characters. If you experience issues with IP, Block Designs, or files not being found, please consider moving the project to a location with a shorter path. Alternately consider using the OS subst command to map part of the path to a drive letter.
Current project path is 'C:/Users/digig/OneDrive - Università di Napoli Federico II/Desktop/ARC/ProgettoASD_2021-22-main/Esercizio 11/Moltiplicatore_Robertson/Moltiplicatore_Robertson'
Scanning sources...
Finished scanning sources
INFO: [IP_Flow 19-234] Refreshing IP repositories
INFO: [IP_Flow 19-1704] No user IP repositories specified
INFO: [IP_Flow 19-2313] Loaded Vivado IP repository 'C:/Xilinx/Vivado/2019.1/data/ip'.
update_compile_order -fileset sources_1
exit
INFO: [Common 17-206] Exiting Vivado at Sat Feb 19 11:58:04 2022...
