#-----------------------------------------------------------
# Vivado v2019.1.3 (64-bit)
# SW Build 2644227 on Wed Sep  4 09:45:24 MDT 2019
# IP Build 2633630 on Wed Sep  4 12:30:14 MDT 2019
# Start of session at: Sun Feb 20 17:49:38 2022
# Process ID: 156
# Current directory: C:/Users/digig/OneDrive - Università di Napoli Federico II/Desktop/ARC/ProgettoASD_2021-22-main/Esercizio 12/Divisore_NonRestoring/Divisore_NonRestoring
# Command line: vivado.exe -gui_launcher_event rodinguilauncherevent14980 C:\Users\digig\OneDrive - Università di Napoli Federico II\Desktop\ARC\ProgettoASD_2021-22-main\Esercizio 12\Divisore_NonRestoring\Divisore_NonRestoring\Divisore_NonRestoring.xpr
# Log file: C:/Users/digig/OneDrive - Università di Napoli Federico II/Desktop/ARC/ProgettoASD_2021-22-main/Esercizio 12/Divisore_NonRestoring/Divisore_NonRestoring/vivado.log
# Journal file: C:/Users/digig/OneDrive - Università di Napoli Federico II/Desktop/ARC/ProgettoASD_2021-22-main/Esercizio 12/Divisore_NonRestoring/Divisore_NonRestoring\vivado.jou
#-----------------------------------------------------------
start_gui
open_project {C:/Users/digig/OneDrive - Università di Napoli Federico II/Desktop/ARC/ProgettoASD_2021-22-main/Esercizio 12/Divisore_NonRestoring/Divisore_NonRestoring/Divisore_NonRestoring.xpr}
INFO: [ProjectBase 1-489] The host OS only allows 260 characters in a normal path. The project is stored in a path with more than 80 characters. If you experience issues with IP, Block Designs, or files not being found, please consider moving the project to a location with a shorter path. Alternately consider using the OS subst command to map part of the path to a drive letter.
Current project path is 'C:/Users/digig/OneDrive - Università di Napoli Federico II/Desktop/ARC/ProgettoASD_2021-22-main/Esercizio 12/Divisore_NonRestoring/Divisore_NonRestoring'
INFO: [Project 1-313] Project file moved from 'C:/Users/giuse/Documents/Progetti tesina/Esercizio 12/Divisore_NonRestoring' since last save.
Scanning sources...
Finished scanning sources
INFO: [IP_Flow 19-234] Refreshing IP repositories
INFO: [IP_Flow 19-1704] No user IP repositories specified
INFO: [IP_Flow 19-2313] Loaded Vivado IP repository 'C:/Xilinx/Vivado/2019.1/data/ip'.
update_compile_order -fileset sources_1
launch_simulation
INFO: [Vivado 12-5682] Launching behavioral simulation in 'C:/Users/digig/OneDrive - Università di Napoli Federico II/Desktop/ARC/ProgettoASD_2021-22-main/Esercizio 12/Divisore_NonRestoring/Divisore_NonRestoring/Divisore_NonRestoring.sim/sim_1/behav/xsim'
INFO: [SIM-utils-51] Simulation object is 'sim_1'
INFO: [SIM-utils-54] Inspecting design source files for 'tb_Divisore_NonRestoring' in fileset 'sim_1'...
INFO: [USF-XSim-97] Finding global include files...
INFO: [USF-XSim-98] Fetching design files from 'sim_1'...
INFO: [USF-XSim-2] XSim::Compile design
INFO: [USF-XSim-61] Executing 'COMPILE and ANALYZE' step in 'C:/Users/digig/OneDrive - Università di Napoli Federico II/Desktop/ARC/ProgettoASD_2021-22-main/Esercizio 12/Divisore_NonRestoring/Divisore_NonRestoring/Divisore_NonRestoring.sim/sim_1/behav/xsim'
"xvhdl --incr --relax -prj tb_Divisore_NonRestoring_vhdl.prj"
INFO: [VRFC 10-163] Analyzing VHDL file "C:/Users/digig/OneDrive - Università di Napoli Federico II/Desktop/ARC/ProgettoASD_2021-22-main/Esercizio 12/Divisore_NonRestoring/Divisore_NonRestoring/Divisore_NonRestoring.srcs/sources_1/imports/Esercizio10/Adder_Subtractor_Nbit.vhd" into library xil_defaultlib
INFO: [VRFC 10-3107] analyzing entity 'ADDER_SUBTRACTOR_Nbit'
INFO: [VRFC 10-163] Analyzing VHDL file "C:/Users/digig/OneDrive - Università di Napoli Federico II/Desktop/ARC/ProgettoASD_2021-22-main/Esercizio 12/Divisore_NonRestoring/Divisore_NonRestoring/Divisore_NonRestoring.srcs/sources_1/imports/Esercizio10/Counter.vhd" into library xil_defaultlib
INFO: [VRFC 10-3107] analyzing entity 'Counter'
INFO: [VRFC 10-163] Analyzing VHDL file "C:/Users/digig/OneDrive - Università di Napoli Federico II/Desktop/ARC/ProgettoASD_2021-22-main/Esercizio 12/Divisore_NonRestoring/Divisore_NonRestoring/Divisore_NonRestoring.srcs/sources_1/new/D_Latch.vhd" into library xil_defaultlib
INFO: [VRFC 10-3107] analyzing entity 'D_Latch'
INFO: [VRFC 10-163] Analyzing VHDL file "C:/Users/digig/OneDrive - Università di Napoli Federico II/Desktop/ARC/ProgettoASD_2021-22-main/Esercizio 12/Divisore_NonRestoring/Divisore_NonRestoring/Divisore_NonRestoring.srcs/sources_1/new/Divisore_NonRestoring.vhd" into library xil_defaultlib
INFO: [VRFC 10-3107] analyzing entity 'Divisore_NonRestoring'
INFO: [VRFC 10-163] Analyzing VHDL file "C:/Users/digig/OneDrive - Università di Napoli Federico II/Desktop/ARC/ProgettoASD_2021-22-main/Esercizio 12/Divisore_NonRestoring/Divisore_NonRestoring/Divisore_NonRestoring.srcs/sources_1/imports/Esercizio10/Full_adder.vhd" into library xil_defaultlib
INFO: [VRFC 10-3107] analyzing entity 'FULL_ADDER'
INFO: [VRFC 10-163] Analyzing VHDL file "C:/Users/digig/OneDrive - Università di Napoli Federico II/Desktop/ARC/ProgettoASD_2021-22-main/Esercizio 12/Divisore_NonRestoring/Divisore_NonRestoring/Divisore_NonRestoring.srcs/sources_1/imports/Esercizio10/RCA_Nbit .vhd" into library xil_defaultlib
INFO: [VRFC 10-3107] analyzing entity 'RCA_Nbit'
INFO: [VRFC 10-163] Analyzing VHDL file "C:/Users/digig/OneDrive - Università di Napoli Federico II/Desktop/ARC/ProgettoASD_2021-22-main/Esercizio 12/Divisore_NonRestoring/Divisore_NonRestoring/Divisore_NonRestoring.srcs/sources_1/imports/Esercizio10/RegisterM.vhd" into library xil_defaultlib
INFO: [VRFC 10-3107] analyzing entity 'RegisterM'
INFO: [VRFC 10-163] Analyzing VHDL file "C:/Users/digig/OneDrive - Università di Napoli Federico II/Desktop/ARC/ProgettoASD_2021-22-main/Esercizio 12/Divisore_NonRestoring/Divisore_NonRestoring/Divisore_NonRestoring.srcs/sources_1/imports/Esercizio10/RegisterSAQ.vhd" into library xil_defaultlib
INFO: [VRFC 10-3107] analyzing entity 'RegisterSAQ'
INFO: [VRFC 10-163] Analyzing VHDL file "C:/Users/digig/OneDrive - Università di Napoli Federico II/Desktop/ARC/ProgettoASD_2021-22-main/Esercizio 12/Divisore_NonRestoring/Divisore_NonRestoring/Divisore_NonRestoring.srcs/sources_1/new/Start_Divisione.vhd" into library xil_defaultlib
INFO: [VRFC 10-3107] analyzing entity 'StartDivisione'
INFO: [VRFC 10-163] Analyzing VHDL file "C:/Users/digig/OneDrive - Università di Napoli Federico II/Desktop/ARC/ProgettoASD_2021-22-main/Esercizio 12/Divisore_NonRestoring/Divisore_NonRestoring/Divisore_NonRestoring.srcs/sources_1/new/Unita_Controllo.vhd" into library xil_defaultlib
INFO: [VRFC 10-3107] analyzing entity 'Unita_Controllo'
INFO: [VRFC 10-163] Analyzing VHDL file "C:/Users/digig/OneDrive - Università di Napoli Federico II/Desktop/ARC/ProgettoASD_2021-22-main/Esercizio 12/Divisore_NonRestoring/Divisore_NonRestoring/Divisore_NonRestoring.srcs/sources_1/new/Unita_Operativa.vhd" into library xil_defaultlib
INFO: [VRFC 10-3107] analyzing entity 'Unita_Operativa'
INFO: [VRFC 10-163] Analyzing VHDL file "C:/Users/digig/OneDrive - Università di Napoli Federico II/Desktop/ARC/ProgettoASD_2021-22-main/Esercizio 12/Divisore_NonRestoring/Divisore_NonRestoring/Divisore_NonRestoring.srcs/sim_1/new/tb_Divisore_NonRestoring.vhd" into library xil_defaultlib
INFO: [VRFC 10-3107] analyzing entity 'tb_Divisore_NonRestoring'
INFO: [USF-XSim-69] 'compile' step finished in '1' seconds
INFO: [USF-XSim-3] XSim::Elaborate design
INFO: [USF-XSim-61] Executing 'ELABORATE' step in 'C:/Users/digig/OneDrive - Università di Napoli Federico II/Desktop/ARC/ProgettoASD_2021-22-main/Esercizio 12/Divisore_NonRestoring/Divisore_NonRestoring/Divisore_NonRestoring.sim/sim_1/behav/xsim'
"xelab -wto e7b26e18a9ff425c984fba19dc348a82 --incr --debug typical --relax --mt 2 -L xil_defaultlib -L secureip --snapshot tb_Divisore_NonRestoring_behav xil_defaultlib.tb_Divisore_NonRestoring -log elaborate.log"
Vivado Simulator 2019.1
Copyright 1986-1999, 2001-2019 Xilinx, Inc. All Rights Reserved.
Running: C:/Xilinx/Vivado/2019.1/bin/unwrapped/win64.o/xelab.exe -wto e7b26e18a9ff425c984fba19dc348a82 --incr --debug typical --relax --mt 2 -L xil_defaultlib -L secureip --snapshot tb_Divisore_NonRestoring_behav xil_defaultlib.tb_Divisore_NonRestoring -log elaborate.log 
Using 2 slave threads.
Starting static elaboration
Completed static elaboration
Starting simulation data flow analysis
Completed simulation data flow analysis
Time Resolution for simulation is 1ps
Compiling package std.standard
Compiling package std.textio
Compiling package ieee.std_logic_1164
Compiling package ieee.std_logic_arith
Compiling package ieee.std_logic_unsigned
Compiling package ieee.numeric_std
Compiling architecture behavioral of entity xil_defaultlib.D_Latch [d_latch_default]
Compiling architecture behavioral of entity xil_defaultlib.RegisterM [registerm_default]
Compiling architecture behavioral of entity xil_defaultlib.RegisterSAQ [registersaq_default]
Compiling architecture dataflow of entity xil_defaultlib.FULL_ADDER [full_adder_default]
Compiling architecture structural of entity xil_defaultlib.RCA_Nbit [\RCA_Nbit(n=9)\]
Compiling architecture structural of entity xil_defaultlib.ADDER_SUBTRACTOR_Nbit [adder_subtractor_nbit_default]
Compiling architecture behavioral of entity xil_defaultlib.Counter [counter_default]
Compiling architecture structural of entity xil_defaultlib.Unita_Operativa [unita_operativa_default]
Compiling architecture behavioral of entity xil_defaultlib.Unita_Controllo [unita_controllo_default]
Compiling architecture behavioral of entity xil_defaultlib.StartDivisione [startdivisione_default]
Compiling architecture structural of entity xil_defaultlib.Divisore_NonRestoring [divisore_nonrestoring_default]
Compiling architecture behavioral of entity xil_defaultlib.tb_divisore_nonrestoring
Built simulation snapshot tb_Divisore_NonRestoring_behav
INFO: [USF-XSim-69] 'elaborate' step finished in '2' seconds
INFO: [USF-XSim-4] XSim::Simulate design
INFO: [USF-XSim-61] Executing 'SIMULATE' step in 'C:/Users/digig/OneDrive - Università di Napoli Federico II/Desktop/ARC/ProgettoASD_2021-22-main/Esercizio 12/Divisore_NonRestoring/Divisore_NonRestoring/Divisore_NonRestoring.sim/sim_1/behav/xsim'
INFO: [USF-XSim-98] *** Running xsim
   with args "tb_Divisore_NonRestoring_behav -key {Behavioral:sim_1:Functional:tb_Divisore_NonRestoring} -tclbatch {tb_Divisore_NonRestoring.tcl} -view {{C:/Users/digig/OneDrive - Università di Napoli Federico II/Desktop/ARC/ProgettoASD_2021-22-main/Esercizio 12/Divisore_NonRestoring/Divisore_NonRestoring/Divisore_NonRestoring.srcs/sim_1/imports/Divisore_NON_RES/Divider_On_Board_tb_behav.wcfg}} -log {simulate.log}"
INFO: [USF-XSim-8] Loading simulator feature
Vivado Simulator 2019.1
Time resolution is 1 ps
open_wave_config {C:/Users/digig/OneDrive - Università di Napoli Federico II/Desktop/ARC/ProgettoASD_2021-22-main/Esercizio 12/Divisore_NonRestoring/Divisore_NonRestoring/Divisore_NonRestoring.srcs/sim_1/imports/Divisore_NON_RES/Divider_On_Board_tb_behav.wcfg}
source tb_Divisore_NonRestoring.tcl
# set curr_wave [current_wave_config]
# if { [string length $curr_wave] == 0 } {
#   if { [llength [get_objects]] > 0} {
#     add_wave /
#     set_property needs_save false [current_wave_config]
#   } else {
#      send_msg_id Add_Wave-1 WARNING "No top level signals found. Simulator will start without a wave window. If you want to open a wave window go to 'File->New Waveform Configuration' or type 'create_wave_config' in the TCL console."
#   }
# }
# run 1000ns
xsim: Time (s): cpu = 00:00:09 ; elapsed = 00:00:07 . Memory (MB): peak = 1156.383 ; gain = 1.270
INFO: [USF-XSim-96] XSim completed. Design snapshot 'tb_Divisore_NonRestoring_behav' loaded.
INFO: [USF-XSim-97] XSim simulation ran for 1000ns
launch_simulation: Time (s): cpu = 00:00:10 ; elapsed = 00:00:10 . Memory (MB): peak = 1156.383 ; gain = 1.270
close_sim
INFO: [Simtcl 6-16] Simulation closed
exit
INFO: [Common 17-206] Exiting Vivado at Sun Feb 20 17:50:31 2022...
